This file contains any messages produced by compilers while
running configure, to aid debugging if configure makes a mistake.

It was created by tdbcsqlite3 configure 1.1.8, which was
generated by GNU Autoconf 2.72.  Invocation command line was

  $ /home/mpcjanssen/Src/tcljupyter/docker/tcl9.0b3/pkgs/tdbcsqlite3-1.1.8/configure --with-tcl8 --with-tcl=../.. --with-tclinclude=/home/mpcjanssen/Src/tcljupyter/docker/tcl9.0b3/generic --prefix=/opt/tcl9 --disable-zipfs --libdir=/opt/tcl9/lib --enable-shared

## --------- ##
## Platform. ##
## --------- ##

hostname = debby
uname -m = x86_64
uname -r = 6.1.0-23-amd64
uname -s = Linux
uname -v = #1 SMP PREEMPT_DYNAMIC Debian 6.1.99-1 (2024-07-15)

/usr/bin/uname -p = unknown
/bin/uname -X     = unknown

/bin/arch              = x86_64
/usr/bin/arch -k       = unknown
/usr/convex/getsysinfo = unknown
/usr/bin/hostinfo      = unknown
/bin/machine           = unknown
/usr/bin/oslevel       = unknown
/bin/universe          = unknown

PATH: /home/mpcjanssen/.nimble/bin/
PATH: /usr/local/bin/
PATH: /usr/bin/
PATH: /bin/
PATH: /usr/local/games/
PATH: /usr/games/


## ----------- ##
## Core tests. ##
## ----------- ##

configure:2387: checking TEA configuration
configure:2393: result: ok (TEA 3.13)
configure:2480: configuring tdbcsqlite3 1.1.8
configure:2510: checking system version
configure:2538: result: Linux-6.1.0-23-amd64
configure:2587: checking for Tcl configuration
configure:2727: result: found /home/mpcjanssen/Src/tcljupyter/docker/tcl9.0b3/unix/tclConfig.sh
configure:2795: checking for gcc
configure:2816: found /usr/bin/gcc
configure:2828: result: gcc
configure:3187: checking for C compiler version
configure:3196: gcc --version >&5
gcc (Debian 12.2.0-14) 12.2.0
Copyright (C) 2022 Free Software Foundation, Inc.
This is free software; see the source for copying conditions.  There is NO
warranty; not even for MERCHANTABILITY or FITNESS FOR A PARTICULAR PURPOSE.

configure:3207: $? = 0
configure:3196: gcc -v >&5
Using built-in specs.
COLLECT_GCC=gcc
COLLECT_LTO_WRAPPER=/usr/lib/gcc/x86_64-linux-gnu/12/lto-wrapper
OFFLOAD_TARGET_NAMES=nvptx-none:amdgcn-amdhsa
OFFLOAD_TARGET_DEFAULT=1
Target: x86_64-linux-gnu
Configured with: ../src/configure -v --with-pkgversion='Debian 12.2.0-14' --with-bugurl=file:///usr/share/doc/gcc-12/README.Bugs --enable-languages=c,ada,c++,go,d,fortran,objc,obj-c++,m2 --prefix=/usr --with-gcc-major-version-only --program-suffix=-12 --program-prefix=x86_64-linux-gnu- --enable-shared --enable-linker-build-id --libexecdir=/usr/lib --without-included-gettext --enable-threads=posix --libdir=/usr/lib --enable-nls --enable-clocale=gnu --enable-libstdcxx-debug --enable-libstdcxx-time=yes --with-default-libstdcxx-abi=new --enable-gnu-unique-object --disable-vtable-verify --enable-plugin --enable-default-pie --with-system-zlib --enable-libphobos-checking=release --with-target-system-zlib=auto --enable-objc-gc=auto --enable-multiarch --disable-werror --enable-cet --with-arch-32=i686 --with-abi=m64 --with-multilib-list=m32,m64,mx32 --enable-multilib --with-tune=generic --enable-offload-targets=nvptx-none=/build/gcc-12-bTRWOB/gcc-12-12.2.0/debian/tmp-nvptx/usr,amdgcn-amdhsa=/build/gcc-12-bTRWOB/gcc-12-12.2.0/debian/tmp-gcn/usr --enable-offload-defaulted --without-cuda-driver --enable-checking=release --build=x86_64-linux-gnu --host=x86_64-linux-gnu --target=x86_64-linux-gnu
Thread model: posix
Supported LTO compression algorithms: zlib zstd
gcc version 12.2.0 (Debian 12.2.0-14) 
... rest of stderr output deleted ...
configure:3207: $? = 0
configure:3196: gcc -V >&5
gcc: error: unrecognized command-line option '-V'
gcc: fatal error: no input files
compilation terminated.
configure:3207: $? = 1
configure:3196: gcc -qversion >&5
gcc: error: unrecognized command-line option '-qversion'; did you mean '--version'?
gcc: fatal error: no input files
compilation terminated.
configure:3207: $? = 1
configure:3196: gcc -version >&5
gcc: error: unrecognized command-line option '-version'
gcc: fatal error: no input files
compilation terminated.
configure:3207: $? = 1
configure:3227: checking whether the C compiler works
configure:3249: gcc    conftest.c  >&5
configure:3253: $? = 0
configure:3304: result: yes
configure:3308: checking for C compiler default output file name
configure:3310: result: a.out
configure:3316: checking for suffix of executables
configure:3323: gcc -o conftest    conftest.c  >&5
configure:3327: $? = 0
configure:3351: result: 
configure:3375: checking whether we are cross compiling
configure:3383: gcc -o conftest    conftest.c  >&5
configure:3387: $? = 0
configure:3394: ./conftest
configure:3398: $? = 0
configure:3413: result: no
configure:3419: checking for suffix of object files
configure:3442: gcc -c   conftest.c >&5
configure:3446: $? = 0
configure:3470: result: o
configure:3474: checking whether the compiler supports GNU C
configure:3494: gcc -c   conftest.c >&5
configure:3494: $? = 0
configure:3506: result: yes
configure:3517: checking whether gcc accepts -g
configure:3538: gcc -c -g  conftest.c >&5
configure:3538: $? = 0
configure:3585: result: yes
configure:3605: checking for gcc option to enable C11 features
configure:3620: gcc  -c   conftest.c >&5
configure:3620: $? = 0
configure:3639: result: none needed
configure:3759: checking for existence of /home/mpcjanssen/Src/tcljupyter/docker/tcl9.0b3/unix/tclConfig.sh
configure:3763: result: loading
configure:3817: checking platform
configure:3835: gcc -c   conftest.c >&5
configure:3835: $? = 0
configure:3894: result: unix
configure:3945: checking for tdbc configuration
configure:4035: result: found /home/mpcjanssen/Src/tcljupyter/docker/tcl9.0b3/unix/pkgs8/tdbc1.1.8/tdbcConfig.sh
configure:4041: checking for existence of /home/mpcjanssen/Src/tcljupyter/docker/tcl9.0b3/unix/pkgs8/tdbc1.1.8/tdbcConfig.sh
configure:4045: result: loading
configure:4063: WARNING: Found Makefile - using build library specs for tdbc
configure:4136: checking For tdbc_STUB library for LIBS
configure:4169: result: using tdbc_STUB_LIB_SPEC -L/home/mpcjanssen/Src/tcljupyter/docker/tcl9.0b3/unix/pkgs8/tdbc1.1.8 -ltdbcstub1.1.8
configure:4183: WARNING: Looking for "/home/mpcjanssen/Src/tcljupyter/docker/tcl9.0b3/unix/pkgs8/tdbc1.1.8/Makefile"
configure:4186: WARNING: Found Makefile - using build include spec and lib specs for tdbc
configure:4217: --exec-prefix defaulting to TCL_EXEC_PREFIX /opt/tcl9
configure:4351: checking for pthread_mutex_init in -lpthread
configure:4380: gcc -o conftest    conftest.c -lpthread   >&5
configure:4380: $? = 0
configure:4392: result: yes
configure:4639: checking for building with threads
configure:4645: result: yes (default)
configure:4736: checking for ranlib
configure:4757: found /usr/bin/ranlib
configure:4769: result: ranlib
configure:4795: checking for stdio.h
configure:4795: gcc -c   conftest.c >&5
configure:4795: $? = 0
configure:4795: result: yes
configure:4795: checking for stdlib.h
configure:4795: gcc -c   conftest.c >&5
configure:4795: $? = 0
configure:4795: result: yes
configure:4795: checking for string.h
configure:4795: gcc -c   conftest.c >&5
configure:4795: $? = 0
configure:4795: result: yes
configure:4795: checking for inttypes.h
configure:4795: gcc -c   conftest.c >&5
configure:4795: $? = 0
configure:4795: result: yes
configure:4795: checking for stdint.h
configure:4795: gcc -c   conftest.c >&5
configure:4795: $? = 0
configure:4795: result: yes
configure:4795: checking for strings.h
configure:4795: gcc -c   conftest.c >&5
configure:4795: $? = 0
configure:4795: result: yes
configure:4795: checking for sys/stat.h
configure:4795: gcc -c   conftest.c >&5
configure:4795: $? = 0
configure:4795: result: yes
configure:4795: checking for sys/types.h
configure:4795: gcc -c   conftest.c >&5
configure:4795: $? = 0
configure:4795: result: yes
configure:4795: checking for unistd.h
configure:4795: gcc -c   conftest.c >&5
configure:4795: $? = 0
configure:4795: result: yes
configure:4825: checking if 64bit support is requested
configure:4836: result: no
configure:4841: checking if 64bit Sparc VIS support is requested
configure:4852: result: no
configure:4863: checking if compiler supports visibility "hidden"
configure:4884: gcc -o conftest  -Werror   conftest.c  >&5
configure:4884: $? = 0
configure:4896: result: yes
configure:4912: checking if rpath support is requested
configure:4923: result: yes
configure:4930: checking system version
configure:4958: result: Linux-6.1.0-23-amd64
configure:5046: checking for ar
configure:5067: found /usr/bin/ar
configure:5079: result: ar
configure:6938: checking for cast to union support
configure:6958: gcc -c   conftest.c >&5
configure:6958: $? = 0
configure:6969: result: yes
configure:6977: checking for stdbool.h
configure:6977: gcc -c   conftest.c >&5
configure:6977: $? = 0
configure:6977: result: yes
configure:7003: checking for required early compiler flags
configure:7022: gcc -c   conftest.c >&5
configure:7022: $? = 0
configure:7076: gcc -c   conftest.c >&5
configure:7076: $? = 0
configure:7115: result: none
configure:7123: checking for 64-bit integer type
configure:7143: gcc -c   conftest.c >&5
conftest.c: In function 'main':
conftest.c:32:1: error: unknown type name '__int64'
   32 | __int64 value = (__int64) 0;
      | ^~~~~~~
conftest.c:32:18: error: '__int64' undeclared (first use in this function)
   32 | __int64 value = (__int64) 0;
      |                  ^~~~~~~
conftest.c:32:18: note: each undeclared identifier is reported only once for each function it appears in
conftest.c:32:27: error: expected ',' or ';' before numeric constant
   32 | __int64 value = (__int64) 0;
      |                           ^
configure:7143: $? = 1
configure: failed program was:
| /* confdefs.h */
| #define PACKAGE_NAME "tdbcsqlite3"
| #define PACKAGE_TARNAME "tdbcsqlite3"
| #define PACKAGE_VERSION "1.1.8"
| #define PACKAGE_STRING "tdbcsqlite3 1.1.8"
| #define PACKAGE_BUGREPORT ""
| #define PACKAGE_URL ""
| #define BUILD_tdbcsqlite3 /**/
| #define USE_THREAD_ALLOC 1
| #define _REENTRANT 1
| #define _THREAD_SAFE 1
| #define TCL_THREADS 1
| #define HAVE_STDIO_H 1
| #define HAVE_STDLIB_H 1
| #define HAVE_STRING_H 1
| #define HAVE_INTTYPES_H 1
| #define HAVE_STDINT_H 1
| #define HAVE_STRINGS_H 1
| #define HAVE_SYS_STAT_H 1
| #define HAVE_SYS_TYPES_H 1
| #define HAVE_UNISTD_H 1
| #define STDC_HEADERS 1
| #define MODULE_SCOPE extern __attribute__((__visibility__("hidden")))
| #define HAVE_HIDDEN 1
| #define HAVE_CAST_TO_UNION 1
| #define HAVE_STDBOOL_H 1
| /* end confdefs.h.  */
| 
| int
| main (void)
| {
| __int64 value = (__int64) 0;
|   ;
|   return 0;
| }
configure:7167: gcc -c   conftest.c >&5
conftest.c: In function 'main':
conftest.c:33:21: error: duplicate case value
   33 |             case 1: case (sizeof(long long)==sizeof(long)): ;
      |                     ^~~~
conftest.c:33:13: note: previously used here
   33 |             case 1: case (sizeof(long long)==sizeof(long)): ;
      |             ^~~~
configure:7167: $? = 1
configure: failed program was:
| /* confdefs.h */
| #define PACKAGE_NAME "tdbcsqlite3"
| #define PACKAGE_TARNAME "tdbcsqlite3"
| #define PACKAGE_VERSION "1.1.8"
| #define PACKAGE_STRING "tdbcsqlite3 1.1.8"
| #define PACKAGE_BUGREPORT ""
| #define PACKAGE_URL ""
| #define BUILD_tdbcsqlite3 /**/
| #define USE_THREAD_ALLOC 1
| #define _REENTRANT 1
| #define _THREAD_SAFE 1
| #define TCL_THREADS 1
| #define HAVE_STDIO_H 1
| #define HAVE_STDLIB_H 1
| #define HAVE_STRING_H 1
| #define HAVE_INTTYPES_H 1
| #define HAVE_STDINT_H 1
| #define HAVE_STRINGS_H 1
| #define HAVE_SYS_STAT_H 1
| #define HAVE_SYS_TYPES_H 1
| #define HAVE_UNISTD_H 1
| #define STDC_HEADERS 1
| #define MODULE_SCOPE extern __attribute__((__visibility__("hidden")))
| #define HAVE_HIDDEN 1
| #define HAVE_CAST_TO_UNION 1
| #define HAVE_STDBOOL_H 1
| /* end confdefs.h.  */
| 
| int
| main (void)
| {
| switch (0) {
|             case 1: case (sizeof(long long)==sizeof(long)): ;
|         }
|   ;
|   return 0;
| }
configure:7179: result: yes
configure:7440: checking for build with symbols
configure:7454: result: no
configure:7504: checking for tclsh
configure:7539: result: /home/mpcjanssen/Src/tcljupyter/docker/tcl9.0b3/unix/tclsh
configure:7702: creating ./config.status

## ---------------------- ##
## Running config.status. ##
## ---------------------- ##

This file was extended by tdbcsqlite3 config.status 1.1.8, which was
generated by GNU Autoconf 2.72.  Invocation command line was

  CONFIG_FILES    = 
  CONFIG_HEADERS  = 
  CONFIG_LINKS    = 
  CONFIG_COMMANDS = 
  $ ./config.status 

on debby

config.status:797: creating Makefile
config.status:797: creating pkgIndex.tcl
configure:8702: WARNING: unrecognized options: --with-tclinclude, --disable-zipfs, --enable-shared

## ---------------- ##
## Cache variables. ##
## ---------------- ##

ac_cv_c_compiler_gnu=yes
ac_cv_c_tclconfig=/home/mpcjanssen/Src/tcljupyter/docker/tcl9.0b3/unix
ac_cv_c_tdbcconfig=/home/mpcjanssen/Src/tcljupyter/docker/tcl9.0b3/unix/pkgs8/tdbc1.1.8
ac_cv_env_CC_set=
ac_cv_env_CC_value=
ac_cv_env_CFLAGS_set=
ac_cv_env_CFLAGS_value=
ac_cv_env_CPPFLAGS_set=
ac_cv_env_CPPFLAGS_value=
ac_cv_env_LDFLAGS_set=
ac_cv_env_LDFLAGS_value=
ac_cv_env_LIBS_set=
ac_cv_env_LIBS_value=
ac_cv_env_build_alias_set=
ac_cv_env_build_alias_value=
ac_cv_env_host_alias_set=
ac_cv_env_host_alias_value=
ac_cv_env_target_alias_set=
ac_cv_env_target_alias_value=
ac_cv_header_inttypes_h=yes
ac_cv_header_stdbool_h=yes
ac_cv_header_stdint_h=yes
ac_cv_header_stdio_h=yes
ac_cv_header_stdlib_h=yes
ac_cv_header_string_h=yes
ac_cv_header_strings_h=yes
ac_cv_header_sys_stat_h=yes
ac_cv_header_sys_types_h=yes
ac_cv_header_unistd_h=yes
ac_cv_lib_pthread_pthread_mutex_init=yes
ac_cv_objext=o
ac_cv_prog_ac_ct_AR=ar
ac_cv_prog_ac_ct_CC=gcc
ac_cv_prog_ac_ct_RANLIB=ranlib
ac_cv_prog_cc_c11=
ac_cv_prog_cc_g=yes
ac_cv_prog_cc_stdc=
tcl_cv_cast_to_union=yes
tcl_cv_cc_visibility_hidden=yes
tcl_cv_flag__file_offset_bits=no
tcl_cv_flag__isoc99_source=no
tcl_cv_sys_version=Linux-6.1.0-23-amd64
tcl_cv_type_64bit=none

## ----------------- ##
## Output variables. ##
## ----------------- ##

AR='ar'
CC='gcc'
CFLAGS=' '
CFLAGS_DEBUG='-g'
CFLAGS_DEFAULT='-O2 -fomit-frame-pointer -DNDEBUG'
CFLAGS_OPTIMIZE='-O2 -fomit-frame-pointer'
CFLAGS_WARNING='-Wall'
CLEANFILES=''
CPPFLAGS=''
CYGPATH='echo'
DEFS='-DPACKAGE_NAME=\"tdbcsqlite3\" -DPACKAGE_TARNAME=\"tdbcsqlite3\" -DPACKAGE_VERSION=\"1.1.8\" -DPACKAGE_STRING=\"tdbcsqlite3\ 1.1.8\" -DPACKAGE_BUGREPORT=\"\" -DPACKAGE_URL=\"\" -DBUILD_tdbcsqlite3=/\*\*/ -DUSE_THREAD_ALLOC=1 -D_REENTRANT=1 -D_THREAD_SAFE=1 -DTCL_THREADS=1 -DHAVE_STDIO_H=1 -DHAVE_STDLIB_H=1 -DHAVE_STRING_H=1 -DHAVE_INTTYPES_H=1 -DHAVE_STDINT_H=1 -DHAVE_STRINGS_H=1 -DHAVE_SYS_STAT_H=1 -DHAVE_SYS_TYPES_H=1 -DHAVE_UNISTD_H=1 -DSTDC_HEADERS=1 -DMODULE_SCOPE=extern\ __attribute__\(\(__visibility__\(\"hidden\"\)\)\) -DHAVE_HIDDEN=1 -DHAVE_CAST_TO_UNION=1 -DHAVE_STDBOOL_H=1 -DTCL_WIDE_INT_IS_LONG=1 -DTCL_CFG_OPTIMIZED=1'
ECHO_C=''
ECHO_N='-n'
ECHO_T=''
EXEEXT=''
INSTALL='$(SHELL) $(srcdir)/tclconfig/install-sh -c'
INSTALL_DATA='${INSTALL} -m 644'
INSTALL_DATA_DIR='${INSTALL} -d -m 755'
INSTALL_LIBRARY='${INSTALL} -m 644'
INSTALL_PROGRAM='${INSTALL} -m 755'
INSTALL_SCRIPT='${INSTALL} -m 755'
LDFLAGS=' -Wl,--export-dynamic '
LDFLAGS_DEBUG=''
LDFLAGS_DEFAULT=''
LDFLAGS_OPTIMIZE=''
LD_LIBRARY_PATH_VAR='LD_LIBRARY_PATH'
LIBOBJS=''
LIBS=''
LTLIBOBJS=''
OBJEXT='o'
PACKAGE_BUGREPORT=''
PACKAGE_NAME='tdbcsqlite3'
PACKAGE_STRING='tdbcsqlite3 1.1.8'
PACKAGE_TARNAME='tdbcsqlite3'
PACKAGE_URL=''
PACKAGE_VERSION='1.1.8'
PATH_SEPARATOR=':'
PKG_CFLAGS=''
PKG_HEADERS=''
PKG_INCLUDES=''
PKG_LIBS=' -L/home/mpcjanssen/Src/tcljupyter/docker/tcl9.0b3/unix/pkgs8/tdbc1.1.8 -ltdbcstub1.1.8'
PKG_LIB_FILE8=''
PKG_LIB_FILE9=''
PKG_LIB_FILE=''
PKG_STUB_OBJECTS=''
PKG_STUB_SOURCES=''
PKG_TCL_SOURCES=' library/tdbcsqlite3.tcl'
RANLIB='ranlib'
RC=''
SHELL='/bin/bash'
SHLIB_CFLAGS='-fPIC'
SHLIB_LD='${CC} ${CFLAGS} ${LDFLAGS_DEFAULT} -shared'
SHLIB_LD_LIBS='${LIBS}'
STLIB_LD='${AR} cr'
TCLSH_PROG='/home/mpcjanssen/Src/tcljupyter/docker/tcl9.0b3/unix/tclsh'
TCL_BIN_DIR='/home/mpcjanssen/Src/tcljupyter/docker/tcl9.0b3/unix'
TCL_DEFS='-DPACKAGE_NAME=\"tcl\" -DPACKAGE_TARNAME=\"tcl\" -DPACKAGE_VERSION=\"9.0\" -DPACKAGE_STRING=\"tcl\ 9.0\" -DPACKAGE_BUGREPORT=\"\" -DPACKAGE_URL=\"\" -DHAVE_STDIO_H=1 -DHAVE_STDLIB_H=1 -DHAVE_STRING_H=1 -DHAVE_INTTYPES_H=1 -DHAVE_STDINT_H=1 -DHAVE_STRINGS_H=1 -DHAVE_SYS_STAT_H=1 -DHAVE_SYS_TYPES_H=1 -DHAVE_UNISTD_H=1 -DHAVE_SYS_TIME_H=1 -DSTDC_HEADERS=1 -DHAVE_SYS_PARAM_H=1 -DTCL_CFGVAL_ENCODING=\"utf-8\" -D_REENTRANT=1 -D_THREAD_SAFE=1 -DHAVE_PTHREAD_ATTR_SETSTACKSIZE=1 -DHAVE_PTHREAD_ATFORK=1 -DHAVE_DECL_PTHREAD_MUTEX_RECURSIVE=1 -DTCL_WITH_INTERNAL_ZLIB=1 -DHAVE_ZLIB=1 -DMODULE_SCOPE=extern\ __attribute__\(\(__visibility__\(\"hidden\"\)\)\) -DHAVE_HIDDEN=1 -DHAVE_CAST_TO_UNION=1 -DHAVE_STDBOOL_H=1 -DHAVE_VFORK=1 -DHAVE_POSIX_SPAWNP=1 -DHAVE_POSIX_SPAWN_FILE_ACTIONS_ADDDUP2=1 -DHAVE_POSIX_SPAWNATTR_SETFLAGS=1 -DTCL_SHLIB_EXT=\".so\" -DNDEBUG=1 -DTCL_CFG_OPTIMIZED=1 -DMP_PREC=4 -D_LARGEFILE64_SOURCE=1 -DTCL_WIDE_INT_IS_LONG=1 -DHAVE_GETCWD=1 -DHAVE_MKSTEMP=1 -DHAVE_WAITPID=1 -DHAVE_GETNAMEINFO=1 -DHAVE_GETADDRINFO=1 -DHAVE_FREEADDRINFO=1 -DHAVE_GAI_STRERROR=1 -DHAVE_STRUCT_ADDRINFO=1 -DHAVE_STRUCT_IN6_ADDR=1 -DHAVE_STRUCT_SOCKADDR_IN6=1 -DHAVE_STRUCT_SOCKADDR_STORAGE=1 -DHAVE_GETPWUID_R_5=1 -DHAVE_GETPWUID_R=1 -DHAVE_GETPWNAM_R_5=1 -DHAVE_GETPWNAM_R=1 -DHAVE_GETGRGID_R_5=1 -DHAVE_GETGRGID_R=1 -DHAVE_GETGRNAM_R_5=1 -DHAVE_GETGRNAM_R=1 -DHAVE_DECL_GETHOSTBYNAME_R=1 -DHAVE_GETHOSTBYNAME_R_6=1 -DHAVE_GETHOSTBYNAME_R=1 -DHAVE_DECL_GETHOSTBYADDR_R=1 -DHAVE_GETHOSTBYADDR_R_8=1 -DHAVE_GETHOSTBYADDR_R=1 -DHAVE_TERMIOS_H=1 -DHAVE_SYS_IOCTL_H=1 -DHAVE_PSELECT=1 -DHAVE_SYS_EPOLL_H=1 -DNOTIFIER_EPOLL=1 -DHAVE_SYS_EVENTFD_H=1 -DHAVE_EVENTFD=1 -DHAVE_SYS_TIME_H=1 -DHAVE_GMTIME_R=1 -DHAVE_LOCALTIME_R=1 -DHAVE_MKTIME=1 -DHAVE_TM_GMTOFF=1 -DHAVE_TIMEZONE_VAR=1 -DHAVE_STRUCT_STAT_ST_BLOCKS=1 -DHAVE_STRUCT_STAT_ST_BLKSIZE=1 -DHAVE_STRUCT_STAT_ST_RDEV=1 -DHAVE_BLKCNT_T=1 -DHAVE_INTPTR_T=1 -DHAVE_UINTPTR_T=1 -DNO_UNION_WAIT=1 -DHAVE_SIGNED_CHAR=1 -DHAVE_LANGINFO=1 -DHAVE_CFMAKERAW=1 -DHAVE_MKSTEMPS=1 -DHAVE_FTS=1 -DHAVE_SYS_IOCTL_H=1 -DTCL_UNLOAD_DLLS=1 -DHAVE_CPUID=1'
TCL_EXTRA_CFLAGS=' -pipe -finput-charset=UTF-8 '
TCL_LD_FLAGS=' -Wl,--export-dynamic '
TCL_LIBS='-ldl  -lpthread -lm'
TCL_LIB_FILE='libtcl9.0.so'
TCL_LIB_FLAG='-ltcl9.0'
TCL_LIB_SPEC='-L/home/mpcjanssen/Src/tcljupyter/docker/tcl9.0b3/unix -ltcl9.0'
TCL_MAJOR_VERSION='9'
TCL_MINOR_VERSION='0'
TCL_PATCH_LEVEL='b3'
TCL_SHLIB_LD_LIBS='${LIBS}'
TCL_SRC_DIR='/home/mpcjanssen/Src/tcljupyter/docker/tcl9.0b3'
TCL_STUB_LIB_FILE='libtclstub.a'
TCL_STUB_LIB_FLAG='-ltclstub'
TCL_STUB_LIB_SPEC='-L/home/mpcjanssen/Src/tcljupyter/docker/tcl9.0b3/unix -ltclstub'
TCL_THREADS='1'
TCL_VERSION='9.0'
TDBC_LIB_FILE='libtdbc1.1.8.so'
TDBC_VERSION='1.1.8'
ac_ct_CC='gcc'
bindir='${exec_prefix}/bin'
build_alias=''
datadir='${datarootdir}'
datarootdir='${prefix}/share'
docdir='${datarootdir}/doc/${PACKAGE_TARNAME}'
dvidir='${docdir}'
exec_prefix='/opt/tcl9'
host_alias=''
htmldir='${docdir}'
includedir='${prefix}/include'
infodir='${datarootdir}/info'
libdir='/opt/tcl9/lib'
libexecdir='${exec_prefix}/libexec'
localedir='${datarootdir}/locale'
localstatedir='${prefix}/var'
mandir='${datarootdir}/man'
oldincludedir='/usr/include'
pdfdir='${docdir}'
prefix='/opt/tcl9'
program_transform_name='s,x,x,'
psdir='${docdir}'
runstatedir='${localstatedir}/run'
sbindir='${exec_prefix}/sbin'
sharedstatedir='${prefix}/com'
sysconfdir='${prefix}/etc'
target_alias=''
tdbc_BIN_DIR='/home/mpcjanssen/Src/tcljupyter/docker/tcl9.0b3/unix/pkgs8/tdbc1.1.8'
tdbc_LIBRARY_PATH='/home/mpcjanssen/Src/tcljupyter/docker/tcl9.0b3/pkgs/tdbc1.1.8/library'
tdbc_LIB_FILE='libtdbc1.1.8.so'
tdbc_LIB_SPEC='-L/home/mpcjanssen/Src/tcljupyter/docker/tcl9.0b3/unix/pkgs8/tdbc1.1.8 -ltdbc1.1.8'
tdbc_SRC_DIR='/home/mpcjanssen/Src/tcljupyter/docker/tcl9.0b3/pkgs/tdbc1.1.8'
tdbc_STUB_LIB_FILE='libtdbcstub1.1.8.a'
tdbc_STUB_LIB_PATH='/home/mpcjanssen/Src/tcljupyter/docker/tcl9.0b3/unix/pkgs8/tdbc1.1.8/libtdbcstub1.1.8.a'
tdbc_STUB_LIB_SPEC='-L/home/mpcjanssen/Src/tcljupyter/docker/tcl9.0b3/unix/pkgs8/tdbc1.1.8 -ltdbcstub1.1.8'
tdbc_VERSION='1.1.8'

## ----------- ##
## confdefs.h. ##
## ----------- ##

/* confdefs.h */
#define PACKAGE_NAME "tdbcsqlite3"
#define PACKAGE_TARNAME "tdbcsqlite3"
#define PACKAGE_VERSION "1.1.8"
#define PACKAGE_STRING "tdbcsqlite3 1.1.8"
#define PACKAGE_BUGREPORT ""
#define PACKAGE_URL ""
#define BUILD_tdbcsqlite3 /**/
#define USE_THREAD_ALLOC 1
#define _REENTRANT 1
#define _THREAD_SAFE 1
#define TCL_THREADS 1
#define HAVE_STDIO_H 1
#define HAVE_STDLIB_H 1
#define HAVE_STRING_H 1
#define HAVE_INTTYPES_H 1
#define HAVE_STDINT_H 1
#define HAVE_STRINGS_H 1
#define HAVE_SYS_STAT_H 1
#define HAVE_SYS_TYPES_H 1
#define HAVE_UNISTD_H 1
#define STDC_HEADERS 1
#define MODULE_SCOPE extern __attribute__((__visibility__("hidden")))
#define HAVE_HIDDEN 1
#define HAVE_CAST_TO_UNION 1
#define HAVE_STDBOOL_H 1
#define TCL_WIDE_INT_IS_LONG 1
#define TCL_CFG_OPTIMIZED 1

configure: exit 0
