This file contains any messages produced by compilers while
running configure, to aid debugging if configure makes a mistake.

It was created by itcl configure 4.2.5, which was
generated by GNU Autoconf 2.72.  Invocation command line was

  $ /home/mpcjanssen/Src/tcljupyter/docker/tcl9.0b3/pkgs/itcl4.2.5/configure --with-tcl8 --with-tcl=../.. --with-tclinclude=/home/mpcjanssen/Src/tcljupyter/docker/tcl9.0b3/generic --prefix=/opt/tcl9 --disable-zipfs --libdir=/opt/tcl9/lib --enable-shared

## --------- ##
## Platform. ##
## --------- ##

hostname = debby
uname -m = x86_64
uname -r = 6.1.0-23-amd64
uname -s = Linux
uname -v = #1 SMP PREEMPT_DYNAMIC Debian 6.1.99-1 (2024-07-15)

/usr/bin/uname -p = unknown
/bin/uname -X     = unknown

/bin/arch              = x86_64
/usr/bin/arch -k       = unknown
/usr/convex/getsysinfo = unknown
/usr/bin/hostinfo      = unknown
/bin/machine           = unknown
/usr/bin/oslevel       = unknown
/bin/universe          = unknown

PATH: /home/mpcjanssen/.nimble/bin/
PATH: /usr/local/bin/
PATH: /usr/bin/
PATH: /bin/
PATH: /usr/local/games/
PATH: /usr/games/


## ----------- ##
## Core tests. ##
## ----------- ##

configure:2553: checking TEA configuration
configure:2559: result: ok (TEA 3.13)
configure:2646: configuring itcl 4.2.5
configure:2676: checking system version
configure:2704: result: Linux-6.1.0-23-amd64
configure:2729: checking whether ln -s works
configure:2733: result: yes
configure:2784: checking for Tcl configuration
configure:2924: result: found /home/mpcjanssen/Src/tcljupyter/docker/tcl9.0b3/unix/tclConfig.sh
configure:2992: checking for gcc
configure:3013: found /usr/bin/gcc
configure:3025: result: gcc
configure:3384: checking for C compiler version
configure:3393: gcc --version >&5
gcc (Debian 12.2.0-14) 12.2.0
Copyright (C) 2022 Free Software Foundation, Inc.
This is free software; see the source for copying conditions.  There is NO
warranty; not even for MERCHANTABILITY or FITNESS FOR A PARTICULAR PURPOSE.

configure:3404: $? = 0
configure:3393: gcc -v >&5
Using built-in specs.
COLLECT_GCC=gcc
COLLECT_LTO_WRAPPER=/usr/lib/gcc/x86_64-linux-gnu/12/lto-wrapper
OFFLOAD_TARGET_NAMES=nvptx-none:amdgcn-amdhsa
OFFLOAD_TARGET_DEFAULT=1
Target: x86_64-linux-gnu
Configured with: ../src/configure -v --with-pkgversion='Debian 12.2.0-14' --with-bugurl=file:///usr/share/doc/gcc-12/README.Bugs --enable-languages=c,ada,c++,go,d,fortran,objc,obj-c++,m2 --prefix=/usr --with-gcc-major-version-only --program-suffix=-12 --program-prefix=x86_64-linux-gnu- --enable-shared --enable-linker-build-id --libexecdir=/usr/lib --without-included-gettext --enable-threads=posix --libdir=/usr/lib --enable-nls --enable-clocale=gnu --enable-libstdcxx-debug --enable-libstdcxx-time=yes --with-default-libstdcxx-abi=new --enable-gnu-unique-object --disable-vtable-verify --enable-plugin --enable-default-pie --with-system-zlib --enable-libphobos-checking=release --with-target-system-zlib=auto --enable-objc-gc=auto --enable-multiarch --disable-werror --enable-cet --with-arch-32=i686 --with-abi=m64 --with-multilib-list=m32,m64,mx32 --enable-multilib --with-tune=generic --enable-offload-targets=nvptx-none=/build/gcc-12-bTRWOB/gcc-12-12.2.0/debian/tmp-nvptx/usr,amdgcn-amdhsa=/build/gcc-12-bTRWOB/gcc-12-12.2.0/debian/tmp-gcn/usr --enable-offload-defaulted --without-cuda-driver --enable-checking=release --build=x86_64-linux-gnu --host=x86_64-linux-gnu --target=x86_64-linux-gnu
Thread model: posix
Supported LTO compression algorithms: zlib zstd
gcc version 12.2.0 (Debian 12.2.0-14) 
... rest of stderr output deleted ...
configure:3404: $? = 0
configure:3393: gcc -V >&5
gcc: error: unrecognized command-line option '-V'
gcc: fatal error: no input files
compilation terminated.
configure:3404: $? = 1
configure:3393: gcc -qversion >&5
gcc: error: unrecognized command-line option '-qversion'; did you mean '--version'?
gcc: fatal error: no input files
compilation terminated.
configure:3404: $? = 1
configure:3393: gcc -version >&5
gcc: error: unrecognized command-line option '-version'
gcc: fatal error: no input files
compilation terminated.
configure:3404: $? = 1
configure:3424: checking whether the C compiler works
configure:3446: gcc    conftest.c  >&5
configure:3450: $? = 0
configure:3501: result: yes
configure:3505: checking for C compiler default output file name
configure:3507: result: a.out
configure:3513: checking for suffix of executables
configure:3520: gcc -o conftest    conftest.c  >&5
configure:3524: $? = 0
configure:3548: result: 
configure:3572: checking whether we are cross compiling
configure:3580: gcc -o conftest    conftest.c  >&5
configure:3584: $? = 0
configure:3591: ./conftest
configure:3595: $? = 0
configure:3610: result: no
configure:3616: checking for suffix of object files
configure:3639: gcc -c   conftest.c >&5
configure:3643: $? = 0
configure:3667: result: o
configure:3671: checking whether the compiler supports GNU C
configure:3691: gcc -c   conftest.c >&5
configure:3691: $? = 0
configure:3703: result: yes
configure:3714: checking whether gcc accepts -g
configure:3735: gcc -c -g  conftest.c >&5
configure:3735: $? = 0
configure:3782: result: yes
configure:3802: checking for gcc option to enable C11 features
configure:3817: gcc  -c   conftest.c >&5
configure:3817: $? = 0
configure:3836: result: none needed
configure:3956: checking for existence of /home/mpcjanssen/Src/tcljupyter/docker/tcl9.0b3/unix/tclConfig.sh
configure:3960: result: loading
configure:4014: checking platform
configure:4032: gcc -c   conftest.c >&5
configure:4032: $? = 0
configure:4091: result: unix
configure:4157: --exec-prefix defaulting to TCL_EXEC_PREFIX /opt/tcl9
configure:4233: checking for gcc
configure:4266: result: gcc
configure:4625: checking for C compiler version
configure:4634: gcc --version >&5
gcc (Debian 12.2.0-14) 12.2.0
Copyright (C) 2022 Free Software Foundation, Inc.
This is free software; see the source for copying conditions.  There is NO
warranty; not even for MERCHANTABILITY or FITNESS FOR A PARTICULAR PURPOSE.

configure:4645: $? = 0
configure:4634: gcc -v >&5
Using built-in specs.
COLLECT_GCC=gcc
COLLECT_LTO_WRAPPER=/usr/lib/gcc/x86_64-linux-gnu/12/lto-wrapper
OFFLOAD_TARGET_NAMES=nvptx-none:amdgcn-amdhsa
OFFLOAD_TARGET_DEFAULT=1
Target: x86_64-linux-gnu
Configured with: ../src/configure -v --with-pkgversion='Debian 12.2.0-14' --with-bugurl=file:///usr/share/doc/gcc-12/README.Bugs --enable-languages=c,ada,c++,go,d,fortran,objc,obj-c++,m2 --prefix=/usr --with-gcc-major-version-only --program-suffix=-12 --program-prefix=x86_64-linux-gnu- --enable-shared --enable-linker-build-id --libexecdir=/usr/lib --without-included-gettext --enable-threads=posix --libdir=/usr/lib --enable-nls --enable-clocale=gnu --enable-libstdcxx-debug --enable-libstdcxx-time=yes --with-default-libstdcxx-abi=new --enable-gnu-unique-object --disable-vtable-verify --enable-plugin --enable-default-pie --with-system-zlib --enable-libphobos-checking=release --with-target-system-zlib=auto --enable-objc-gc=auto --enable-multiarch --disable-werror --enable-cet --with-arch-32=i686 --with-abi=m64 --with-multilib-list=m32,m64,mx32 --enable-multilib --with-tune=generic --enable-offload-targets=nvptx-none=/build/gcc-12-bTRWOB/gcc-12-12.2.0/debian/tmp-nvptx/usr,amdgcn-amdhsa=/build/gcc-12-bTRWOB/gcc-12-12.2.0/debian/tmp-gcn/usr --enable-offload-defaulted --without-cuda-driver --enable-checking=release --build=x86_64-linux-gnu --host=x86_64-linux-gnu --target=x86_64-linux-gnu
Thread model: posix
Supported LTO compression algorithms: zlib zstd
gcc version 12.2.0 (Debian 12.2.0-14) 
... rest of stderr output deleted ...
configure:4645: $? = 0
configure:4634: gcc -V >&5
gcc: error: unrecognized command-line option '-V'
gcc: fatal error: no input files
compilation terminated.
configure:4645: $? = 1
configure:4634: gcc -qversion >&5
gcc: error: unrecognized command-line option '-qversion'; did you mean '--version'?
gcc: fatal error: no input files
compilation terminated.
configure:4645: $? = 1
configure:4634: gcc -version >&5
gcc: error: unrecognized command-line option '-version'
gcc: fatal error: no input files
compilation terminated.
configure:4645: $? = 1
configure:4649: checking whether the compiler supports GNU C
configure:4681: result: yes
configure:4692: checking whether gcc accepts -g
configure:4760: result: yes
configure:4780: checking for gcc option to enable C11 features
configure:4814: result: none needed
configure:4937: checking how to run the C preprocessor
configure:4963: gcc -E  conftest.c
configure:4963: $? = 0
configure:4979: gcc -E  conftest.c
conftest.c:10:10: fatal error: ac_nonexistent.h: No such file or directory
   10 | #include <ac_nonexistent.h>
      |          ^~~~~~~~~~~~~~~~~~
compilation terminated.
configure:4979: $? = 1
configure: failed program was:
| /* confdefs.h */
| #define PACKAGE_NAME "itcl"
| #define PACKAGE_TARNAME "itcl"
| #define PACKAGE_VERSION "4.2.5"
| #define PACKAGE_STRING "itcl 4.2.5"
| #define PACKAGE_BUGREPORT ""
| #define PACKAGE_URL ""
| #define BUILD_itcl /**/
| /* end confdefs.h.  */
| #include <ac_nonexistent.h>
configure:5008: result: gcc -E
configure:5022: gcc -E  conftest.c
configure:5022: $? = 0
configure:5038: gcc -E  conftest.c
conftest.c:10:10: fatal error: ac_nonexistent.h: No such file or directory
   10 | #include <ac_nonexistent.h>
      |          ^~~~~~~~~~~~~~~~~~
compilation terminated.
configure:5038: $? = 1
configure: failed program was:
| /* confdefs.h */
| #define PACKAGE_NAME "itcl"
| #define PACKAGE_TARNAME "itcl"
| #define PACKAGE_VERSION "4.2.5"
| #define PACKAGE_STRING "itcl 4.2.5"
| #define PACKAGE_BUGREPORT ""
| #define PACKAGE_URL ""
| #define BUILD_itcl /**/
| /* end confdefs.h.  */
| #include <ac_nonexistent.h>
configure:5075: checking whether make sets $(MAKE)
configure:5099: result: yes
configure:5162: checking for ranlib
configure:5183: found /usr/bin/ranlib
configure:5195: result: ranlib
configure:5229: checking for stdio.h
configure:5229: gcc -c   conftest.c >&5
configure:5229: $? = 0
configure:5229: result: yes
configure:5229: checking for stdlib.h
configure:5229: gcc -c   conftest.c >&5
configure:5229: $? = 0
configure:5229: result: yes
configure:5229: checking for string.h
configure:5229: gcc -c   conftest.c >&5
configure:5229: $? = 0
configure:5229: result: yes
configure:5229: checking for inttypes.h
configure:5229: gcc -c   conftest.c >&5
configure:5229: $? = 0
configure:5229: result: yes
configure:5229: checking for stdint.h
configure:5229: gcc -c   conftest.c >&5
configure:5229: $? = 0
configure:5229: result: yes
configure:5229: checking for strings.h
configure:5229: gcc -c   conftest.c >&5
configure:5229: $? = 0
configure:5229: result: yes
configure:5229: checking for sys/stat.h
configure:5229: gcc -c   conftest.c >&5
configure:5229: $? = 0
configure:5229: result: yes
configure:5229: checking for sys/types.h
configure:5229: gcc -c   conftest.c >&5
configure:5229: $? = 0
configure:5229: result: yes
configure:5229: checking for unistd.h
configure:5229: gcc -c   conftest.c >&5
configure:5229: $? = 0
configure:5229: result: yes
configure:5264: checking if the compiler understands -pipe
configure:5283: gcc -c  -pipe  conftest.c >&5
configure:5283: $? = 0
configure:5294: result: yes
configure:5311: checking whether byte ordering is bigendian
configure:5327: gcc -c  -pipe  conftest.c >&5
conftest.c:21:16: error: unknown type name 'not'
   21 |                not a universal capable compiler
      |                ^~~
conftest.c:21:22: error: expected '=', ',', ';', 'asm' or '__attribute__' before 'universal'
   21 |                not a universal capable compiler
      |                      ^~~~~~~~~
conftest.c:21:22: error: unknown type name 'universal'
configure:5327: $? = 1
configure: failed program was:
| /* confdefs.h */
| #define PACKAGE_NAME "itcl"
| #define PACKAGE_TARNAME "itcl"
| #define PACKAGE_VERSION "4.2.5"
| #define PACKAGE_STRING "itcl 4.2.5"
| #define PACKAGE_BUGREPORT ""
| #define PACKAGE_URL ""
| #define BUILD_itcl /**/
| #define HAVE_STDIO_H 1
| #define HAVE_STDLIB_H 1
| #define HAVE_STRING_H 1
| #define HAVE_INTTYPES_H 1
| #define HAVE_STDINT_H 1
| #define HAVE_STRINGS_H 1
| #define HAVE_SYS_STAT_H 1
| #define HAVE_SYS_TYPES_H 1
| #define HAVE_UNISTD_H 1
| #define STDC_HEADERS 1
| /* end confdefs.h.  */
| #ifndef __APPLE_CC__
| 	       not a universal capable compiler
| 	     #endif
| 	     typedef int dummy;
| 
configure:5373: gcc -c  -pipe  conftest.c >&5
configure:5373: $? = 0
configure:5392: gcc -c  -pipe  conftest.c >&5
conftest.c: In function 'main':
conftest.c:27:18: error: unknown type name 'not'; did you mean 'ino_t'?
   27 |                  not big endian
      |                  ^~~
      |                  ino_t
conftest.c:27:26: error: expected '=', ',', ';', 'asm' or '__attribute__' before 'endian'
   27 |                  not big endian
      |                          ^~~~~~
configure:5392: $? = 1
configure: failed program was:
| /* confdefs.h */
| #define PACKAGE_NAME "itcl"
| #define PACKAGE_TARNAME "itcl"
| #define PACKAGE_VERSION "4.2.5"
| #define PACKAGE_STRING "itcl 4.2.5"
| #define PACKAGE_BUGREPORT ""
| #define PACKAGE_URL ""
| #define BUILD_itcl /**/
| #define HAVE_STDIO_H 1
| #define HAVE_STDLIB_H 1
| #define HAVE_STRING_H 1
| #define HAVE_INTTYPES_H 1
| #define HAVE_STDINT_H 1
| #define HAVE_STRINGS_H 1
| #define HAVE_SYS_STAT_H 1
| #define HAVE_SYS_TYPES_H 1
| #define HAVE_UNISTD_H 1
| #define STDC_HEADERS 1
| /* end confdefs.h.  */
| #include <sys/types.h>
| 		#include <sys/param.h>
| 
| int
| main (void)
| {
| #if BYTE_ORDER != BIG_ENDIAN
| 		 not big endian
| 		#endif
| 
|   ;
|   return 0;
| }
configure:5533: result: no
configure:5764: checking for Tcl public headers
configure:5838: result: /home/mpcjanssen/Src/tcljupyter/docker/tcl9.0b3/generic
configure:5853: checking for Tcl private include files
configure:5905: result: Using srcdir found in tclConfig.sh: /home/mpcjanssen/Src/tcljupyter/docker/tcl9.0b3
configure:5958: checking for pthread_mutex_init in -lpthread
configure:5987: gcc -o conftest  -pipe   conftest.c -lpthread   >&5
configure:5987: $? = 0
configure:5999: result: yes
configure:6246: checking for building with threads
configure:6252: result: yes (default)
configure:6281: checking how to build libraries
configure:6319: result: shared
configure:6409: checking for ranlib
configure:6442: result: ranlib
configure:6469: checking if 64bit support is requested
configure:6480: result: no
configure:6485: checking if 64bit Sparc VIS support is requested
configure:6496: result: no
configure:6507: checking if compiler supports visibility "hidden"
configure:6528: gcc -o conftest  -pipe -Werror   conftest.c  >&5
configure:6528: $? = 0
configure:6540: result: yes
configure:6556: checking if rpath support is requested
configure:6567: result: yes
configure:6574: checking system version
configure:6602: result: Linux-6.1.0-23-amd64
configure:6690: checking for ar
configure:6711: found /usr/bin/ar
configure:6723: result: ar
configure:8538: checking for cast to union support
configure:8558: gcc -c  -pipe  conftest.c >&5
configure:8558: $? = 0
configure:8569: result: yes
configure:8577: checking for stdbool.h
configure:8577: gcc -c  -pipe  conftest.c >&5
configure:8577: $? = 0
configure:8577: result: yes
configure:8603: checking for required early compiler flags
configure:8622: gcc -c  -pipe  conftest.c >&5
configure:8622: $? = 0
configure:8676: gcc -c  -pipe  conftest.c >&5
configure:8676: $? = 0
configure:8715: result: none
configure:8723: checking for 64-bit integer type
configure:8743: gcc -c  -pipe  conftest.c >&5
conftest.c: In function 'main':
conftest.c:34:1: error: unknown type name '__int64'
   34 | __int64 value = (__int64) 0;
      | ^~~~~~~
conftest.c:34:18: error: '__int64' undeclared (first use in this function)
   34 | __int64 value = (__int64) 0;
      |                  ^~~~~~~
conftest.c:34:18: note: each undeclared identifier is reported only once for each function it appears in
conftest.c:34:27: error: expected ',' or ';' before numeric constant
   34 | __int64 value = (__int64) 0;
      |                           ^
configure:8743: $? = 1
configure: failed program was:
| /* confdefs.h */
| #define PACKAGE_NAME "itcl"
| #define PACKAGE_TARNAME "itcl"
| #define PACKAGE_VERSION "4.2.5"
| #define PACKAGE_STRING "itcl 4.2.5"
| #define PACKAGE_BUGREPORT ""
| #define PACKAGE_URL ""
| #define BUILD_itcl /**/
| #define HAVE_STDIO_H 1
| #define HAVE_STDLIB_H 1
| #define HAVE_STRING_H 1
| #define HAVE_INTTYPES_H 1
| #define HAVE_STDINT_H 1
| #define HAVE_STRINGS_H 1
| #define HAVE_SYS_STAT_H 1
| #define HAVE_SYS_TYPES_H 1
| #define HAVE_UNISTD_H 1
| #define STDC_HEADERS 1
| #define USE_THREAD_ALLOC 1
| #define _REENTRANT 1
| #define _THREAD_SAFE 1
| #define TCL_THREADS 1
| #define USE_TCL_STUBS 1
| #define USE_TCLOO_STUBS 1
| #define MODULE_SCOPE extern __attribute__((__visibility__("hidden")))
| #define HAVE_HIDDEN 1
| #define HAVE_CAST_TO_UNION 1
| #define HAVE_STDBOOL_H 1
| /* end confdefs.h.  */
| 
| int
| main (void)
| {
| __int64 value = (__int64) 0;
|   ;
|   return 0;
| }
configure:8767: gcc -c  -pipe  conftest.c >&5
conftest.c: In function 'main':
conftest.c:35:21: error: duplicate case value
   35 |             case 1: case (sizeof(long long)==sizeof(long)): ;
      |                     ^~~~
conftest.c:35:13: note: previously used here
   35 |             case 1: case (sizeof(long long)==sizeof(long)): ;
      |             ^~~~
configure:8767: $? = 1
configure: failed program was:
| /* confdefs.h */
| #define PACKAGE_NAME "itcl"
| #define PACKAGE_TARNAME "itcl"
| #define PACKAGE_VERSION "4.2.5"
| #define PACKAGE_STRING "itcl 4.2.5"
| #define PACKAGE_BUGREPORT ""
| #define PACKAGE_URL ""
| #define BUILD_itcl /**/
| #define HAVE_STDIO_H 1
| #define HAVE_STDLIB_H 1
| #define HAVE_STRING_H 1
| #define HAVE_INTTYPES_H 1
| #define HAVE_STDINT_H 1
| #define HAVE_STRINGS_H 1
| #define HAVE_SYS_STAT_H 1
| #define HAVE_SYS_TYPES_H 1
| #define HAVE_UNISTD_H 1
| #define STDC_HEADERS 1
| #define USE_THREAD_ALLOC 1
| #define _REENTRANT 1
| #define _THREAD_SAFE 1
| #define TCL_THREADS 1
| #define USE_TCL_STUBS 1
| #define USE_TCLOO_STUBS 1
| #define MODULE_SCOPE extern __attribute__((__visibility__("hidden")))
| #define HAVE_HIDDEN 1
| #define HAVE_CAST_TO_UNION 1
| #define HAVE_STDBOOL_H 1
| /* end confdefs.h.  */
| 
| int
| main (void)
| {
| switch (0) {
|             case 1: case (sizeof(long long)==sizeof(long)): ;
|         }
|   ;
|   return 0;
| }
configure:8779: result: yes
configure:9045: checking for build with symbols
configure:9059: result: no
configure:9096: checking for intptr_t
configure:9096: gcc -c  -pipe  conftest.c >&5
configure:9096: $? = 0
configure:9096: gcc -c  -pipe  conftest.c >&5
conftest.c: In function 'main':
conftest.c:63:23: error: expected expression before ')' token
   63 | if (sizeof ((intptr_t)))
      |                       ^
configure:9096: $? = 1
configure: failed program was:
| /* confdefs.h */
| #define PACKAGE_NAME "itcl"
| #define PACKAGE_TARNAME "itcl"
| #define PACKAGE_VERSION "4.2.5"
| #define PACKAGE_STRING "itcl 4.2.5"
| #define PACKAGE_BUGREPORT ""
| #define PACKAGE_URL ""
| #define BUILD_itcl /**/
| #define HAVE_STDIO_H 1
| #define HAVE_STDLIB_H 1
| #define HAVE_STRING_H 1
| #define HAVE_INTTYPES_H 1
| #define HAVE_STDINT_H 1
| #define HAVE_STRINGS_H 1
| #define HAVE_SYS_STAT_H 1
| #define HAVE_SYS_TYPES_H 1
| #define HAVE_UNISTD_H 1
| #define STDC_HEADERS 1
| #define USE_THREAD_ALLOC 1
| #define _REENTRANT 1
| #define _THREAD_SAFE 1
| #define TCL_THREADS 1
| #define USE_TCL_STUBS 1
| #define USE_TCLOO_STUBS 1
| #define MODULE_SCOPE extern __attribute__((__visibility__("hidden")))
| #define HAVE_HIDDEN 1
| #define HAVE_CAST_TO_UNION 1
| #define HAVE_STDBOOL_H 1
| #define TCL_WIDE_INT_IS_LONG 1
| #define TCL_CFG_OPTIMIZED 1
| /* end confdefs.h.  */
| #include <stddef.h>
| #ifdef HAVE_STDIO_H
| # include <stdio.h>
| #endif
| #ifdef HAVE_STDLIB_H
| # include <stdlib.h>
| #endif
| #ifdef HAVE_STRING_H
| # include <string.h>
| #endif
| #ifdef HAVE_INTTYPES_H
| # include <inttypes.h>
| #endif
| #ifdef HAVE_STDINT_H
| # include <stdint.h>
| #endif
| #ifdef HAVE_STRINGS_H
| # include <strings.h>
| #endif
| #ifdef HAVE_SYS_TYPES_H
| # include <sys/types.h>
| #endif
| #ifdef HAVE_SYS_STAT_H
| # include <sys/stat.h>
| #endif
| #ifdef HAVE_UNISTD_H
| # include <unistd.h>
| #endif
| int
| main (void)
| {
| if (sizeof ((intptr_t)))
| 	    return 0;
|   ;
|   return 0;
| }
configure:9096: result: yes
configure:9159: checking for egrep -e
configure:9289: result: /usr/bin/grep -E
configure:9434: checking for tclsh
configure:9469: result: /home/mpcjanssen/Src/tcljupyter/docker/tcl9.0b3/unix/tclsh
configure:9673: creating ./config.status

## ---------------------- ##
## Running config.status. ##
## ---------------------- ##

This file was extended by itcl config.status 4.2.5, which was
generated by GNU Autoconf 2.72.  Invocation command line was

  CONFIG_FILES    = 
  CONFIG_HEADERS  = 
  CONFIG_LINKS    = 
  CONFIG_COMMANDS = 
  $ ./config.status 

on debby

config.status:817: creating Makefile
config.status:817: creating pkgIndex.tcl
config.status:817: creating itclConfig.sh
configure:10674: WARNING: unrecognized options: --disable-zipfs

## ---------------- ##
## Cache variables. ##
## ---------------- ##

ac_cv_c_bigendian=no
ac_cv_c_compiler_gnu=yes
ac_cv_c_tclconfig=/home/mpcjanssen/Src/tcljupyter/docker/tcl9.0b3/unix
ac_cv_c_tclh=/home/mpcjanssen/Src/tcljupyter/docker/tcl9.0b3/generic
ac_cv_env_CC_set=
ac_cv_env_CC_value=
ac_cv_env_CFLAGS_set=
ac_cv_env_CFLAGS_value=
ac_cv_env_CPPFLAGS_set=
ac_cv_env_CPPFLAGS_value=
ac_cv_env_CPP_set=
ac_cv_env_CPP_value=
ac_cv_env_LDFLAGS_set=
ac_cv_env_LDFLAGS_value=
ac_cv_env_LIBS_set=
ac_cv_env_LIBS_value=
ac_cv_env_build_alias_set=
ac_cv_env_build_alias_value=
ac_cv_env_host_alias_set=
ac_cv_env_host_alias_value=
ac_cv_env_target_alias_set=
ac_cv_env_target_alias_value=
ac_cv_header_inttypes_h=yes
ac_cv_header_stdbool_h=yes
ac_cv_header_stdint_h=yes
ac_cv_header_stdio_h=yes
ac_cv_header_stdlib_h=yes
ac_cv_header_string_h=yes
ac_cv_header_strings_h=yes
ac_cv_header_sys_stat_h=yes
ac_cv_header_sys_types_h=yes
ac_cv_header_unistd_h=yes
ac_cv_lib_pthread_pthread_mutex_init=yes
ac_cv_objext=o
ac_cv_path_EGREP_TRADITIONAL='/usr/bin/grep -E'
ac_cv_prog_CPP='gcc -E'
ac_cv_prog_ac_ct_AR=ar
ac_cv_prog_ac_ct_CC=gcc
ac_cv_prog_ac_ct_RANLIB=ranlib
ac_cv_prog_cc_c11=
ac_cv_prog_cc_g=yes
ac_cv_prog_cc_stdc=
ac_cv_prog_make_make_set=yes
ac_cv_type_intptr_t=yes
tcl_cv_cast_to_union=yes
tcl_cv_cc_pipe=yes
tcl_cv_cc_visibility_hidden=yes
tcl_cv_flag__file_offset_bits=no
tcl_cv_flag__isoc99_source=no
tcl_cv_sys_version=Linux-6.1.0-23-amd64
tcl_cv_type_64bit=none

## ----------------- ##
## Output variables. ##
## ----------------- ##

AR='ar'
CC='gcc'
CFLAGS=' -pipe ${CFLAGS_DEFAULT} ${CFLAGS_WARNING} ${SHLIB_CFLAGS} '
CFLAGS_DEBUG='-g'
CFLAGS_DEFAULT='-O2 -fomit-frame-pointer -DNDEBUG'
CFLAGS_OPTIMIZE='-O2 -fomit-frame-pointer'
CFLAGS_WARNING='-Wall'
CLEANFILES=''
CONFIG_CLEAN_FILES=''
CPP='gcc -E'
CPPFLAGS=''
CYGPATH='echo'
DEFS='-DPACKAGE_NAME=\"itcl\" -DPACKAGE_TARNAME=\"itcl\" -DPACKAGE_VERSION=\"4.2.5\" -DPACKAGE_STRING=\"itcl\ 4.2.5\" -DPACKAGE_BUGREPORT=\"\" -DPACKAGE_URL=\"\" -DBUILD_itcl=/\*\*/ -DHAVE_STDIO_H=1 -DHAVE_STDLIB_H=1 -DHAVE_STRING_H=1 -DHAVE_INTTYPES_H=1 -DHAVE_STDINT_H=1 -DHAVE_STRINGS_H=1 -DHAVE_SYS_STAT_H=1 -DHAVE_SYS_TYPES_H=1 -DHAVE_UNISTD_H=1 -DSTDC_HEADERS=1 -DUSE_THREAD_ALLOC=1 -D_REENTRANT=1 -D_THREAD_SAFE=1 -DTCL_THREADS=1 -DUSE_TCL_STUBS=1 -DUSE_TCLOO_STUBS=1 -DMODULE_SCOPE=extern\ __attribute__\(\(__visibility__\(\"hidden\"\)\)\) -DHAVE_HIDDEN=1 -DHAVE_CAST_TO_UNION=1 -DHAVE_STDBOOL_H=1 -DTCL_WIDE_INT_IS_LONG=1 -DTCL_CFG_OPTIMIZED=1 -DHAVE_INTPTR_T=1 -DTCL_MAJOR_VERSION=8'
ECHO_C=''
ECHO_N='-n'
ECHO_T=''
EXEEXT=''
INSTALL='$(SHELL) $(srcdir)/tclconfig/install-sh -c'
INSTALL_DATA='${INSTALL} -m 644'
INSTALL_DATA_DIR='${INSTALL} -d -m 755'
INSTALL_LIBRARY='${INSTALL} -m 644'
INSTALL_PROGRAM='${INSTALL} -m 755'
INSTALL_SCRIPT='${INSTALL} -m 755'
LDFLAGS=' -Wl,--export-dynamic '
LDFLAGS_DEBUG=''
LDFLAGS_DEFAULT=''
LDFLAGS_OPTIMIZE=''
LD_LIBRARY_PATH_VAR='LD_LIBRARY_PATH'
LIBOBJS=''
LIBS=''
LN_S='ln -s'
LTLIBOBJS=''
MAJOR_VERSION=''
MAKE_LIB='${SHLIB_LD} ${LDFLAGS} ${LDFLAGS_DEFAULT} -o $@ $(PKG_OBJECTS) ${SHLIB_LD_LIBS} '
MAKE_SHARED_LIB='${SHLIB_LD} ${LDFLAGS} ${LDFLAGS_DEFAULT} -o $@ $(PKG_OBJECTS) ${SHLIB_LD_LIBS}'
MAKE_STATIC_LIB='${STLIB_LD} $@ $(PKG_OBJECTS)'
MAKE_STUB_LIB='${STLIB_LD} $@ $(PKG_STUB_OBJECTS)'
MINOR_VERSION=''
OBJEXT='o'
PACKAGE_BUGREPORT=''
PACKAGE_NAME='itcl'
PACKAGE_STRING='itcl 4.2.5'
PACKAGE_TARNAME='itcl'
PACKAGE_URL=''
PACKAGE_VERSION='4.2.5'
PATCHLEVEL=''
PATH_SEPARATOR=':'
PKG_CFLAGS=' '
PKG_HEADERS=' generic/itcl.h generic/itclDecls.h generic/itclInt.h generic/itclMigrate2TclCore.h generic/itclTclIntStubsFcn.h generic/itcl2TclOO.h generic/itclIntDecls.h'
PKG_INCLUDES=' -I. -I"/home/mpcjanssen/Src/tcljupyter/docker/tcl9.0b3/pkgs/itcl4.2.5/generic" -I"/home/mpcjanssen/Src/tcljupyter/docker/tcl9.0b3/pkgs/itcl4.2.5"'
PKG_LIBS=''
PKG_LIB_FILE8='libitcl4.2.5.so'
PKG_LIB_FILE9='libtcl9itcl4.2.5.so'
PKG_LIB_FILE='libitcl4.2.5.so'
PKG_OBJECTS=' itcl2TclOO.o itclBase.o itclBuiltin.o itclClass.o itclCmd.o itclEnsemble.o itclHelpers.o itclInfo.o itclLinkage.o itclMethod.o itclObject.o itclParse.o itclStubs.o itclStubInit.o itclResolve.o itclTclIntStubsFcn.o itclUtil.o itclMigrate2TclCore.o itclTestRegisterC.o'
PKG_SOURCES=' itcl2TclOO.c itclBase.c itclBuiltin.c itclClass.c itclCmd.c itclEnsemble.c itclHelpers.c itclInfo.c itclLinkage.c itclMethod.c itclObject.c itclParse.c itclStubs.c itclStubInit.c itclResolve.c itclTclIntStubsFcn.c itclUtil.c itclMigrate2TclCore.c itclTestRegisterC.c'
PKG_STUB_LIB_FILE='libitclstub4.2.5.a'
PKG_STUB_OBJECTS=' itclStubLib.o'
PKG_STUB_SOURCES=' itclStubLib.c'
PKG_TCL_SOURCES=' library/itcl.tcl library/itclWidget.tcl library/itclHullCmds.tcl'
RANLIB=':'
RANLIB_STUB='ranlib'
RC=''
SET_MAKE=''
SHARED_BUILD='1'
SHELL='/bin/bash'
SHLIB_CFLAGS='-fPIC'
SHLIB_LD='${CC} ${CFLAGS} ${LDFLAGS_DEFAULT} -shared'
SHLIB_LD_LIBS='${LIBS} -L/home/mpcjanssen/Src/tcljupyter/docker/tcl9.0b3/unix -ltclstub'
STLIB_LD='${AR} cr'
STUBS_BUILD='1'
TCLSH_PROG='/home/mpcjanssen/Src/tcljupyter/docker/tcl9.0b3/unix/tclsh'
TCL_BIN_DIR='/home/mpcjanssen/Src/tcljupyter/docker/tcl9.0b3/unix'
TCL_DEFS='-DPACKAGE_NAME=\"tcl\" -DPACKAGE_TARNAME=\"tcl\" -DPACKAGE_VERSION=\"9.0\" -DPACKAGE_STRING=\"tcl\ 9.0\" -DPACKAGE_BUGREPORT=\"\" -DPACKAGE_URL=\"\" -DHAVE_STDIO_H=1 -DHAVE_STDLIB_H=1 -DHAVE_STRING_H=1 -DHAVE_INTTYPES_H=1 -DHAVE_STDINT_H=1 -DHAVE_STRINGS_H=1 -DHAVE_SYS_STAT_H=1 -DHAVE_SYS_TYPES_H=1 -DHAVE_UNISTD_H=1 -DHAVE_SYS_TIME_H=1 -DSTDC_HEADERS=1 -DHAVE_SYS_PARAM_H=1 -DTCL_CFGVAL_ENCODING=\"utf-8\" -D_REENTRANT=1 -D_THREAD_SAFE=1 -DHAVE_PTHREAD_ATTR_SETSTACKSIZE=1 -DHAVE_PTHREAD_ATFORK=1 -DHAVE_DECL_PTHREAD_MUTEX_RECURSIVE=1 -DTCL_WITH_INTERNAL_ZLIB=1 -DHAVE_ZLIB=1 -DMODULE_SCOPE=extern\ __attribute__\(\(__visibility__\(\"hidden\"\)\)\) -DHAVE_HIDDEN=1 -DHAVE_CAST_TO_UNION=1 -DHAVE_STDBOOL_H=1 -DHAVE_VFORK=1 -DHAVE_POSIX_SPAWNP=1 -DHAVE_POSIX_SPAWN_FILE_ACTIONS_ADDDUP2=1 -DHAVE_POSIX_SPAWNATTR_SETFLAGS=1 -DTCL_SHLIB_EXT=\".so\" -DNDEBUG=1 -DTCL_CFG_OPTIMIZED=1 -DMP_PREC=4 -D_LARGEFILE64_SOURCE=1 -DTCL_WIDE_INT_IS_LONG=1 -DHAVE_GETCWD=1 -DHAVE_MKSTEMP=1 -DHAVE_WAITPID=1 -DHAVE_GETNAMEINFO=1 -DHAVE_GETADDRINFO=1 -DHAVE_FREEADDRINFO=1 -DHAVE_GAI_STRERROR=1 -DHAVE_STRUCT_ADDRINFO=1 -DHAVE_STRUCT_IN6_ADDR=1 -DHAVE_STRUCT_SOCKADDR_IN6=1 -DHAVE_STRUCT_SOCKADDR_STORAGE=1 -DHAVE_GETPWUID_R_5=1 -DHAVE_GETPWUID_R=1 -DHAVE_GETPWNAM_R_5=1 -DHAVE_GETPWNAM_R=1 -DHAVE_GETGRGID_R_5=1 -DHAVE_GETGRGID_R=1 -DHAVE_GETGRNAM_R_5=1 -DHAVE_GETGRNAM_R=1 -DHAVE_DECL_GETHOSTBYNAME_R=1 -DHAVE_GETHOSTBYNAME_R_6=1 -DHAVE_GETHOSTBYNAME_R=1 -DHAVE_DECL_GETHOSTBYADDR_R=1 -DHAVE_GETHOSTBYADDR_R_8=1 -DHAVE_GETHOSTBYADDR_R=1 -DHAVE_TERMIOS_H=1 -DHAVE_SYS_IOCTL_H=1 -DHAVE_PSELECT=1 -DHAVE_SYS_EPOLL_H=1 -DNOTIFIER_EPOLL=1 -DHAVE_SYS_EVENTFD_H=1 -DHAVE_EVENTFD=1 -DHAVE_SYS_TIME_H=1 -DHAVE_GMTIME_R=1 -DHAVE_LOCALTIME_R=1 -DHAVE_MKTIME=1 -DHAVE_TM_GMTOFF=1 -DHAVE_TIMEZONE_VAR=1 -DHAVE_STRUCT_STAT_ST_BLOCKS=1 -DHAVE_STRUCT_STAT_ST_BLKSIZE=1 -DHAVE_STRUCT_STAT_ST_RDEV=1 -DHAVE_BLKCNT_T=1 -DHAVE_INTPTR_T=1 -DHAVE_UINTPTR_T=1 -DNO_UNION_WAIT=1 -DHAVE_SIGNED_CHAR=1 -DHAVE_LANGINFO=1 -DHAVE_CFMAKERAW=1 -DHAVE_MKSTEMPS=1 -DHAVE_FTS=1 -DHAVE_SYS_IOCTL_H=1 -DTCL_UNLOAD_DLLS=1 -DHAVE_CPUID=1'
TCL_EXTRA_CFLAGS=' -pipe -finput-charset=UTF-8 '
TCL_INCLUDES='-I"/home/mpcjanssen/Src/tcljupyter/docker/tcl9.0b3/generic" -I"/home/mpcjanssen/Src/tcljupyter/docker/tcl9.0b3/unix"'
TCL_LD_FLAGS=' -Wl,--export-dynamic '
TCL_LIBS='-ldl  -lpthread -lm'
TCL_LIB_FILE='libtcl9.0.so'
TCL_LIB_FLAG='-ltcl9.0'
TCL_LIB_SPEC='-L/home/mpcjanssen/Src/tcljupyter/docker/tcl9.0b3/unix -ltcl9.0'
TCL_PATCH_LEVEL='b3'
TCL_SHLIB_LD_LIBS='${LIBS}'
TCL_SRC_DIR='/home/mpcjanssen/Src/tcljupyter/docker/tcl9.0b3'
TCL_STUB_LIB_FILE='libtclstub.a'
TCL_STUB_LIB_FLAG='-ltclstub'
TCL_STUB_LIB_SPEC='-L/home/mpcjanssen/Src/tcljupyter/docker/tcl9.0b3/unix -ltclstub'
TCL_THREADS='1'
TCL_TOP_DIR_NATIVE='"/home/mpcjanssen/Src/tcljupyter/docker/tcl9.0b3"'
TCL_VERSION='9.0'
VC_MANIFEST_EMBED_DLL=''
VC_MANIFEST_EMBED_EXE=''
ac_ct_CC='gcc'
bindir='${exec_prefix}/bin'
build_alias=''
datadir='${datarootdir}'
datarootdir='${prefix}/share'
docdir='${datarootdir}/doc/${PACKAGE_TARNAME}'
dvidir='${docdir}'
exec_prefix='/opt/tcl9'
host_alias=''
htmldir='${docdir}'
includedir='${prefix}/include'
infodir='${datarootdir}/info'
itcl_BUILD_LIB_SPEC='-L/home/mpcjanssen/Src/tcljupyter/docker/tcl9.0b3/unix/pkgs8/itcl4.2.5 -litcl4.2.5'
itcl_BUILD_STUB_LIB_PATH='/home/mpcjanssen/Src/tcljupyter/docker/tcl9.0b3/unix/pkgs8/itcl4.2.5/libitclstub4.2.5.a'
itcl_BUILD_STUB_LIB_SPEC='-L/home/mpcjanssen/Src/tcljupyter/docker/tcl9.0b3/unix/pkgs8/itcl4.2.5 -litclstub4.2.5'
itcl_INCLUDE_SPEC=''
itcl_LIB_SPEC='-L/opt/tcl9/lib/itcl4.2.5 -litcl4.2.5'
itcl_SRC_DIR='/home/mpcjanssen/Src/tcljupyter/docker/tcl9.0b3/pkgs/itcl4.2.5'
itcl_STUB_LIB_PATH='/opt/tcl9/lib/itcl4.2.5/libitclstub4.2.5.a'
itcl_STUB_LIB_SPEC='-L/opt/tcl9/lib/itcl4.2.5 -litclstub4.2.5'
libdir='/opt/tcl9/lib'
libexecdir='${exec_prefix}/libexec'
localedir='${datarootdir}/locale'
localstatedir='${prefix}/var'
mandir='${datarootdir}/man'
oldincludedir='/usr/include'
pdfdir='${docdir}'
prefix='/opt/tcl9'
program_transform_name='s,x,x,'
psdir='${docdir}'
runstatedir='${localstatedir}/run'
sbindir='${exec_prefix}/sbin'
sharedstatedir='${prefix}/com'
sysconfdir='${prefix}/etc'
target_alias=''

## ----------- ##
## confdefs.h. ##
## ----------- ##

/* confdefs.h */
#define PACKAGE_NAME "itcl"
#define PACKAGE_TARNAME "itcl"
#define PACKAGE_VERSION "4.2.5"
#define PACKAGE_STRING "itcl 4.2.5"
#define PACKAGE_BUGREPORT ""
#define PACKAGE_URL ""
#define BUILD_itcl /**/
#define HAVE_STDIO_H 1
#define HAVE_STDLIB_H 1
#define HAVE_STRING_H 1
#define HAVE_INTTYPES_H 1
#define HAVE_STDINT_H 1
#define HAVE_STRINGS_H 1
#define HAVE_SYS_STAT_H 1
#define HAVE_SYS_TYPES_H 1
#define HAVE_UNISTD_H 1
#define STDC_HEADERS 1
#define USE_THREAD_ALLOC 1
#define _REENTRANT 1
#define _THREAD_SAFE 1
#define TCL_THREADS 1
#define USE_TCL_STUBS 1
#define USE_TCLOO_STUBS 1
#define MODULE_SCOPE extern __attribute__((__visibility__("hidden")))
#define HAVE_HIDDEN 1
#define HAVE_CAST_TO_UNION 1
#define HAVE_STDBOOL_H 1
#define TCL_WIDE_INT_IS_LONG 1
#define TCL_CFG_OPTIMIZED 1
#define HAVE_INTPTR_T 1
#define TCL_MAJOR_VERSION 8

configure: exit 0
