This file contains any messages produced by compilers while
running configure, to aid debugging if configure makes a mistake.

It was created by sqlite configure 3.45.3, which was
generated by GNU Autoconf 2.72.  Invocation command line was

  $ /home/mpcjanssen/Src/tcljupyter/docker/tcl9.0b3/pkgs/sqlite3.45.3/configure --with-tcl=../.. --with-tclinclude=/home/mpcjanssen/Src/tcljupyter/docker/tcl9.0b3/generic --prefix=/opt/tcl9 --disable-zipfs --libdir=/opt/tcl9/lib --enable-shared

## --------- ##
## Platform. ##
## --------- ##

hostname = debby
uname -m = x86_64
uname -r = 6.1.0-23-amd64
uname -s = Linux
uname -v = #1 SMP PREEMPT_DYNAMIC Debian 6.1.99-1 (2024-07-15)

/usr/bin/uname -p = unknown
/bin/uname -X     = unknown

/bin/arch              = x86_64
/usr/bin/arch -k       = unknown
/usr/convex/getsysinfo = unknown
/usr/bin/hostinfo      = unknown
/bin/machine           = unknown
/usr/bin/oslevel       = unknown
/bin/universe          = unknown

PATH: /home/mpcjanssen/.nimble/bin/
PATH: /usr/local/bin/
PATH: /usr/bin/
PATH: /bin/
PATH: /usr/local/games/
PATH: /usr/games/


## ----------- ##
## Core tests. ##
## ----------- ##

configure:2537: checking TEA configuration
configure:2543: result: ok (TEA 3.13)
configure:2630: configuring sqlite 3.45.3
configure:2660: checking system version
configure:2688: result: Linux-6.1.0-23-amd64
configure:2737: checking for Tcl configuration
configure:2871: result: found /home/mpcjanssen/Src/tcljupyter/docker/tcl9.0b3/unix/tclConfig.sh
configure:2939: checking for gcc
configure:2960: found /usr/bin/gcc
configure:2972: result: gcc
configure:3331: checking for C compiler version
configure:3340: gcc --version >&5
gcc (Debian 12.2.0-14) 12.2.0
Copyright (C) 2022 Free Software Foundation, Inc.
This is free software; see the source for copying conditions.  There is NO
warranty; not even for MERCHANTABILITY or FITNESS FOR A PARTICULAR PURPOSE.

configure:3351: $? = 0
configure:3340: gcc -v >&5
Using built-in specs.
COLLECT_GCC=gcc
COLLECT_LTO_WRAPPER=/usr/lib/gcc/x86_64-linux-gnu/12/lto-wrapper
OFFLOAD_TARGET_NAMES=nvptx-none:amdgcn-amdhsa
OFFLOAD_TARGET_DEFAULT=1
Target: x86_64-linux-gnu
Configured with: ../src/configure -v --with-pkgversion='Debian 12.2.0-14' --with-bugurl=file:///usr/share/doc/gcc-12/README.Bugs --enable-languages=c,ada,c++,go,d,fortran,objc,obj-c++,m2 --prefix=/usr --with-gcc-major-version-only --program-suffix=-12 --program-prefix=x86_64-linux-gnu- --enable-shared --enable-linker-build-id --libexecdir=/usr/lib --without-included-gettext --enable-threads=posix --libdir=/usr/lib --enable-nls --enable-clocale=gnu --enable-libstdcxx-debug --enable-libstdcxx-time=yes --with-default-libstdcxx-abi=new --enable-gnu-unique-object --disable-vtable-verify --enable-plugin --enable-default-pie --with-system-zlib --enable-libphobos-checking=release --with-target-system-zlib=auto --enable-objc-gc=auto --enable-multiarch --disable-werror --enable-cet --with-arch-32=i686 --with-abi=m64 --with-multilib-list=m32,m64,mx32 --enable-multilib --with-tune=generic --enable-offload-targets=nvptx-none=/build/gcc-12-bTRWOB/gcc-12-12.2.0/debian/tmp-nvptx/usr,amdgcn-amdhsa=/build/gcc-12-bTRWOB/gcc-12-12.2.0/debian/tmp-gcn/usr --enable-offload-defaulted --without-cuda-driver --enable-checking=release --build=x86_64-linux-gnu --host=x86_64-linux-gnu --target=x86_64-linux-gnu
Thread model: posix
Supported LTO compression algorithms: zlib zstd
gcc version 12.2.0 (Debian 12.2.0-14) 
... rest of stderr output deleted ...
configure:3351: $? = 0
configure:3340: gcc -V >&5
gcc: error: unrecognized command-line option '-V'
gcc: fatal error: no input files
compilation terminated.
configure:3351: $? = 1
configure:3340: gcc -qversion >&5
gcc: error: unrecognized command-line option '-qversion'; did you mean '--version'?
gcc: fatal error: no input files
compilation terminated.
configure:3351: $? = 1
configure:3340: gcc -version >&5
gcc: error: unrecognized command-line option '-version'
gcc: fatal error: no input files
compilation terminated.
configure:3351: $? = 1
configure:3371: checking whether the C compiler works
configure:3393: gcc    conftest.c  >&5
configure:3397: $? = 0
configure:3448: result: yes
configure:3452: checking for C compiler default output file name
configure:3454: result: a.out
configure:3460: checking for suffix of executables
configure:3467: gcc -o conftest    conftest.c  >&5
configure:3471: $? = 0
configure:3495: result: 
configure:3519: checking whether we are cross compiling
configure:3527: gcc -o conftest    conftest.c  >&5
configure:3531: $? = 0
configure:3538: ./conftest
configure:3542: $? = 0
configure:3557: result: no
configure:3563: checking for suffix of object files
configure:3586: gcc -c   conftest.c >&5
configure:3590: $? = 0
configure:3614: result: o
configure:3618: checking whether the compiler supports GNU C
configure:3638: gcc -c   conftest.c >&5
configure:3638: $? = 0
configure:3650: result: yes
configure:3661: checking whether gcc accepts -g
configure:3682: gcc -c -g  conftest.c >&5
configure:3682: $? = 0
configure:3729: result: yes
configure:3749: checking for gcc option to enable C11 features
configure:3764: gcc  -c   conftest.c >&5
configure:3764: $? = 0
configure:3783: result: none needed
configure:3903: checking for existence of /home/mpcjanssen/Src/tcljupyter/docker/tcl9.0b3/unix/tclConfig.sh
configure:3907: result: loading
configure:3961: checking platform
configure:3979: gcc -c   conftest.c >&5
configure:3979: $? = 0
configure:4038: result: unix
configure:4089: --exec-prefix defaulting to TCL_EXEC_PREFIX /opt/tcl9
configure:4165: checking for gcc
configure:4198: result: gcc
configure:4557: checking for C compiler version
configure:4566: gcc --version >&5
gcc (Debian 12.2.0-14) 12.2.0
Copyright (C) 2022 Free Software Foundation, Inc.
This is free software; see the source for copying conditions.  There is NO
warranty; not even for MERCHANTABILITY or FITNESS FOR A PARTICULAR PURPOSE.

configure:4577: $? = 0
configure:4566: gcc -v >&5
Using built-in specs.
COLLECT_GCC=gcc
COLLECT_LTO_WRAPPER=/usr/lib/gcc/x86_64-linux-gnu/12/lto-wrapper
OFFLOAD_TARGET_NAMES=nvptx-none:amdgcn-amdhsa
OFFLOAD_TARGET_DEFAULT=1
Target: x86_64-linux-gnu
Configured with: ../src/configure -v --with-pkgversion='Debian 12.2.0-14' --with-bugurl=file:///usr/share/doc/gcc-12/README.Bugs --enable-languages=c,ada,c++,go,d,fortran,objc,obj-c++,m2 --prefix=/usr --with-gcc-major-version-only --program-suffix=-12 --program-prefix=x86_64-linux-gnu- --enable-shared --enable-linker-build-id --libexecdir=/usr/lib --without-included-gettext --enable-threads=posix --libdir=/usr/lib --enable-nls --enable-clocale=gnu --enable-libstdcxx-debug --enable-libstdcxx-time=yes --with-default-libstdcxx-abi=new --enable-gnu-unique-object --disable-vtable-verify --enable-plugin --enable-default-pie --with-system-zlib --enable-libphobos-checking=release --with-target-system-zlib=auto --enable-objc-gc=auto --enable-multiarch --disable-werror --enable-cet --with-arch-32=i686 --with-abi=m64 --with-multilib-list=m32,m64,mx32 --enable-multilib --with-tune=generic --enable-offload-targets=nvptx-none=/build/gcc-12-bTRWOB/gcc-12-12.2.0/debian/tmp-nvptx/usr,amdgcn-amdhsa=/build/gcc-12-bTRWOB/gcc-12-12.2.0/debian/tmp-gcn/usr --enable-offload-defaulted --without-cuda-driver --enable-checking=release --build=x86_64-linux-gnu --host=x86_64-linux-gnu --target=x86_64-linux-gnu
Thread model: posix
Supported LTO compression algorithms: zlib zstd
gcc version 12.2.0 (Debian 12.2.0-14) 
... rest of stderr output deleted ...
configure:4577: $? = 0
configure:4566: gcc -V >&5
gcc: error: unrecognized command-line option '-V'
gcc: fatal error: no input files
compilation terminated.
configure:4577: $? = 1
configure:4566: gcc -qversion >&5
gcc: error: unrecognized command-line option '-qversion'; did you mean '--version'?
gcc: fatal error: no input files
compilation terminated.
configure:4577: $? = 1
configure:4566: gcc -version >&5
gcc: error: unrecognized command-line option '-version'
gcc: fatal error: no input files
compilation terminated.
configure:4577: $? = 1
configure:4581: checking whether the compiler supports GNU C
configure:4613: result: yes
configure:4624: checking whether gcc accepts -g
configure:4692: result: yes
configure:4712: checking for gcc option to enable C11 features
configure:4746: result: none needed
configure:4869: checking how to run the C preprocessor
configure:4895: gcc -E  conftest.c
configure:4895: $? = 0
configure:4911: gcc -E  conftest.c
conftest.c:10:10: fatal error: ac_nonexistent.h: No such file or directory
   10 | #include <ac_nonexistent.h>
      |          ^~~~~~~~~~~~~~~~~~
compilation terminated.
configure:4911: $? = 1
configure: failed program was:
| /* confdefs.h */
| #define PACKAGE_NAME "sqlite"
| #define PACKAGE_TARNAME "sqlite"
| #define PACKAGE_VERSION "3.45.3"
| #define PACKAGE_STRING "sqlite 3.45.3"
| #define PACKAGE_BUGREPORT ""
| #define PACKAGE_URL ""
| #define BUILD_sqlite /**/
| /* end confdefs.h.  */
| #include <ac_nonexistent.h>
configure:4940: result: gcc -E
configure:4954: gcc -E  conftest.c
configure:4954: $? = 0
configure:4970: gcc -E  conftest.c
conftest.c:10:10: fatal error: ac_nonexistent.h: No such file or directory
   10 | #include <ac_nonexistent.h>
      |          ^~~~~~~~~~~~~~~~~~
compilation terminated.
configure:4970: $? = 1
configure: failed program was:
| /* confdefs.h */
| #define PACKAGE_NAME "sqlite"
| #define PACKAGE_TARNAME "sqlite"
| #define PACKAGE_VERSION "3.45.3"
| #define PACKAGE_STRING "sqlite 3.45.3"
| #define PACKAGE_BUGREPORT ""
| #define PACKAGE_URL ""
| #define BUILD_sqlite /**/
| /* end confdefs.h.  */
| #include <ac_nonexistent.h>
configure:5007: checking whether make sets $(MAKE)
configure:5031: result: yes
configure:5094: checking for ranlib
configure:5115: found /usr/bin/ranlib
configure:5127: result: ranlib
configure:5161: checking for stdio.h
configure:5161: gcc -c   conftest.c >&5
configure:5161: $? = 0
configure:5161: result: yes
configure:5161: checking for stdlib.h
configure:5161: gcc -c   conftest.c >&5
configure:5161: $? = 0
configure:5161: result: yes
configure:5161: checking for string.h
configure:5161: gcc -c   conftest.c >&5
configure:5161: $? = 0
configure:5161: result: yes
configure:5161: checking for inttypes.h
configure:5161: gcc -c   conftest.c >&5
configure:5161: $? = 0
configure:5161: result: yes
configure:5161: checking for stdint.h
configure:5161: gcc -c   conftest.c >&5
configure:5161: $? = 0
configure:5161: result: yes
configure:5161: checking for strings.h
configure:5161: gcc -c   conftest.c >&5
configure:5161: $? = 0
configure:5161: result: yes
configure:5161: checking for sys/stat.h
configure:5161: gcc -c   conftest.c >&5
configure:5161: $? = 0
configure:5161: result: yes
configure:5161: checking for sys/types.h
configure:5161: gcc -c   conftest.c >&5
configure:5161: $? = 0
configure:5161: result: yes
configure:5161: checking for unistd.h
configure:5161: gcc -c   conftest.c >&5
configure:5161: $? = 0
configure:5161: result: yes
configure:5196: checking if the compiler understands -pipe
configure:5215: gcc -c  -pipe  conftest.c >&5
configure:5215: $? = 0
configure:5226: result: yes
configure:5243: checking whether byte ordering is bigendian
configure:5259: gcc -c  -pipe  conftest.c >&5
conftest.c:21:16: error: unknown type name 'not'
   21 |                not a universal capable compiler
      |                ^~~
conftest.c:21:22: error: expected '=', ',', ';', 'asm' or '__attribute__' before 'universal'
   21 |                not a universal capable compiler
      |                      ^~~~~~~~~
conftest.c:21:22: error: unknown type name 'universal'
configure:5259: $? = 1
configure: failed program was:
| /* confdefs.h */
| #define PACKAGE_NAME "sqlite"
| #define PACKAGE_TARNAME "sqlite"
| #define PACKAGE_VERSION "3.45.3"
| #define PACKAGE_STRING "sqlite 3.45.3"
| #define PACKAGE_BUGREPORT ""
| #define PACKAGE_URL ""
| #define BUILD_sqlite /**/
| #define HAVE_STDIO_H 1
| #define HAVE_STDLIB_H 1
| #define HAVE_STRING_H 1
| #define HAVE_INTTYPES_H 1
| #define HAVE_STDINT_H 1
| #define HAVE_STRINGS_H 1
| #define HAVE_SYS_STAT_H 1
| #define HAVE_SYS_TYPES_H 1
| #define HAVE_UNISTD_H 1
| #define STDC_HEADERS 1
| /* end confdefs.h.  */
| #ifndef __APPLE_CC__
| 	       not a universal capable compiler
| 	     #endif
| 	     typedef int dummy;
| 
configure:5305: gcc -c  -pipe  conftest.c >&5
configure:5305: $? = 0
configure:5324: gcc -c  -pipe  conftest.c >&5
conftest.c: In function 'main':
conftest.c:27:18: error: unknown type name 'not'; did you mean 'ino_t'?
   27 |                  not big endian
      |                  ^~~
      |                  ino_t
conftest.c:27:26: error: expected '=', ',', ';', 'asm' or '__attribute__' before 'endian'
   27 |                  not big endian
      |                          ^~~~~~
configure:5324: $? = 1
configure: failed program was:
| /* confdefs.h */
| #define PACKAGE_NAME "sqlite"
| #define PACKAGE_TARNAME "sqlite"
| #define PACKAGE_VERSION "3.45.3"
| #define PACKAGE_STRING "sqlite 3.45.3"
| #define PACKAGE_BUGREPORT ""
| #define PACKAGE_URL ""
| #define BUILD_sqlite /**/
| #define HAVE_STDIO_H 1
| #define HAVE_STDLIB_H 1
| #define HAVE_STRING_H 1
| #define HAVE_INTTYPES_H 1
| #define HAVE_STDINT_H 1
| #define HAVE_STRINGS_H 1
| #define HAVE_SYS_STAT_H 1
| #define HAVE_SYS_TYPES_H 1
| #define HAVE_UNISTD_H 1
| #define STDC_HEADERS 1
| /* end confdefs.h.  */
| #include <sys/types.h>
| 		#include <sys/param.h>
| 
| int
| main (void)
| {
| #if BYTE_ORDER != BIG_ENDIAN
| 		 not big endian
| 		#endif
| 
|   ;
|   return 0;
| }
configure:5465: result: no
configure:5812: checking for Tcl public headers
configure:5886: result: /home/mpcjanssen/Src/tcljupyter/docker/tcl9.0b3/generic
configure:5949: checking for pthread_mutex_init in -lpthread
configure:5978: gcc -o conftest  -pipe   conftest.c -lpthread   >&5
configure:5978: $? = 0
configure:5990: result: yes
configure:6237: checking for building with threads
configure:6243: result: yes (default)
configure:6294: checking how to build libraries
configure:6332: result: shared
configure:6422: checking for ranlib
configure:6455: result: ranlib
configure:6482: checking if 64bit support is requested
configure:6493: result: no
configure:6498: checking if 64bit Sparc VIS support is requested
configure:6509: result: no
configure:6520: checking if compiler supports visibility "hidden"
configure:6541: gcc -o conftest  -pipe -Werror   conftest.c  >&5
configure:6541: $? = 0
configure:6553: result: yes
configure:6569: checking if rpath support is requested
configure:6580: result: yes
configure:6587: checking system version
configure:6615: result: Linux-6.1.0-23-amd64
configure:6703: checking for ar
configure:6724: found /usr/bin/ar
configure:6736: result: ar
configure:8551: checking for cast to union support
configure:8571: gcc -c  -pipe  conftest.c >&5
configure:8571: $? = 0
configure:8582: result: yes
configure:8590: checking for stdbool.h
configure:8590: gcc -c  -pipe  conftest.c >&5
configure:8590: $? = 0
configure:8590: result: yes
configure:8616: checking for required early compiler flags
configure:8635: gcc -c  -pipe  conftest.c >&5
configure:8635: $? = 0
configure:8689: gcc -c  -pipe  conftest.c >&5
configure:8689: $? = 0
configure:8728: result: none
configure:8736: checking for 64-bit integer type
configure:8756: gcc -c  -pipe  conftest.c >&5
conftest.c: In function 'main':
conftest.c:35:1: error: unknown type name '__int64'
   35 | __int64 value = (__int64) 0;
      | ^~~~~~~
conftest.c:35:18: error: '__int64' undeclared (first use in this function)
   35 | __int64 value = (__int64) 0;
      |                  ^~~~~~~
conftest.c:35:18: note: each undeclared identifier is reported only once for each function it appears in
conftest.c:35:27: error: expected ',' or ';' before numeric constant
   35 | __int64 value = (__int64) 0;
      |                           ^
configure:8756: $? = 1
configure: failed program was:
| /* confdefs.h */
| #define PACKAGE_NAME "sqlite"
| #define PACKAGE_TARNAME "sqlite"
| #define PACKAGE_VERSION "3.45.3"
| #define PACKAGE_STRING "sqlite 3.45.3"
| #define PACKAGE_BUGREPORT ""
| #define PACKAGE_URL ""
| #define BUILD_sqlite /**/
| #define HAVE_STDIO_H 1
| #define HAVE_STDLIB_H 1
| #define HAVE_STRING_H 1
| #define HAVE_INTTYPES_H 1
| #define HAVE_STDINT_H 1
| #define HAVE_STRINGS_H 1
| #define HAVE_SYS_STAT_H 1
| #define HAVE_SYS_TYPES_H 1
| #define HAVE_UNISTD_H 1
| #define STDC_HEADERS 1
| #define USE_THREAD_ALLOC 1
| #define _REENTRANT 1
| #define _THREAD_SAFE 1
| #define TCL_THREADS 1
| #define SQLITE_THREADSAFE 1
| #define USE_TCL_STUBS 1
| #define USE_TCLOO_STUBS 1
| #define MODULE_SCOPE extern __attribute__((__visibility__("hidden")))
| #define HAVE_HIDDEN 1
| #define HAVE_CAST_TO_UNION 1
| #define HAVE_STDBOOL_H 1
| /* end confdefs.h.  */
| 
| int
| main (void)
| {
| __int64 value = (__int64) 0;
|   ;
|   return 0;
| }
configure:8780: gcc -c  -pipe  conftest.c >&5
conftest.c: In function 'main':
conftest.c:36:21: error: duplicate case value
   36 |             case 1: case (sizeof(long long)==sizeof(long)): ;
      |                     ^~~~
conftest.c:36:13: note: previously used here
   36 |             case 1: case (sizeof(long long)==sizeof(long)): ;
      |             ^~~~
configure:8780: $? = 1
configure: failed program was:
| /* confdefs.h */
| #define PACKAGE_NAME "sqlite"
| #define PACKAGE_TARNAME "sqlite"
| #define PACKAGE_VERSION "3.45.3"
| #define PACKAGE_STRING "sqlite 3.45.3"
| #define PACKAGE_BUGREPORT ""
| #define PACKAGE_URL ""
| #define BUILD_sqlite /**/
| #define HAVE_STDIO_H 1
| #define HAVE_STDLIB_H 1
| #define HAVE_STRING_H 1
| #define HAVE_INTTYPES_H 1
| #define HAVE_STDINT_H 1
| #define HAVE_STRINGS_H 1
| #define HAVE_SYS_STAT_H 1
| #define HAVE_SYS_TYPES_H 1
| #define HAVE_UNISTD_H 1
| #define STDC_HEADERS 1
| #define USE_THREAD_ALLOC 1
| #define _REENTRANT 1
| #define _THREAD_SAFE 1
| #define TCL_THREADS 1
| #define SQLITE_THREADSAFE 1
| #define USE_TCL_STUBS 1
| #define USE_TCLOO_STUBS 1
| #define MODULE_SCOPE extern __attribute__((__visibility__("hidden")))
| #define HAVE_HIDDEN 1
| #define HAVE_CAST_TO_UNION 1
| #define HAVE_STDBOOL_H 1
| /* end confdefs.h.  */
| 
| int
| main (void)
| {
| switch (0) {
|             case 1: case (sizeof(long long)==sizeof(long)): ;
|         }
|   ;
|   return 0;
| }
configure:8792: result: yes
configure:9058: checking for build with symbols
configure:9072: result: no
configure:9123: checking for malloc.h
configure:9123: gcc -c  -pipe  conftest.c >&5
configure:9123: $? = 0
configure:9123: result: yes
configure:9131: checking for fdatasync
configure:9131: gcc -o conftest  -pipe   -Wl,--export-dynamic  conftest.c  >&5
configure:9131: $? = 0
configure:9131: result: yes
configure:9137: checking for usleep
configure:9137: gcc -o conftest  -pipe   -Wl,--export-dynamic  conftest.c  >&5
configure:9137: $? = 0
configure:9137: result: yes
configure:9143: checking for strchrnul
configure:9143: gcc -o conftest  -pipe   -Wl,--export-dynamic  conftest.c  >&5
configure:9143: $? = 0
configure:9143: result: yes
configure:9149: checking for localtime_r
configure:9149: gcc -o conftest  -pipe   -Wl,--export-dynamic  conftest.c  >&5
configure:9149: $? = 0
configure:9149: result: yes
configure:9155: checking for gmtime_r
configure:9155: gcc -o conftest  -pipe   -Wl,--export-dynamic  conftest.c  >&5
configure:9155: $? = 0
configure:9155: result: yes
configure:9161: checking for localtime_s
configure:9161: gcc -o conftest  -pipe   -Wl,--export-dynamic  conftest.c  >&5
/usr/bin/ld: /tmp/ccNSQlOm.o: in function `main':
conftest.c:(.text+0x5): undefined reference to `localtime_s'
collect2: error: ld returned 1 exit status
configure:9161: $? = 1
configure: failed program was:
| /* confdefs.h */
| #define PACKAGE_NAME "sqlite"
| #define PACKAGE_TARNAME "sqlite"
| #define PACKAGE_VERSION "3.45.3"
| #define PACKAGE_STRING "sqlite 3.45.3"
| #define PACKAGE_BUGREPORT ""
| #define PACKAGE_URL ""
| #define BUILD_sqlite /**/
| #define HAVE_STDIO_H 1
| #define HAVE_STDLIB_H 1
| #define HAVE_STRING_H 1
| #define HAVE_INTTYPES_H 1
| #define HAVE_STDINT_H 1
| #define HAVE_STRINGS_H 1
| #define HAVE_SYS_STAT_H 1
| #define HAVE_SYS_TYPES_H 1
| #define HAVE_UNISTD_H 1
| #define STDC_HEADERS 1
| #define USE_THREAD_ALLOC 1
| #define _REENTRANT 1
| #define _THREAD_SAFE 1
| #define TCL_THREADS 1
| #define SQLITE_THREADSAFE 1
| #define USE_TCL_STUBS 1
| #define USE_TCLOO_STUBS 1
| #define MODULE_SCOPE extern __attribute__((__visibility__("hidden")))
| #define HAVE_HIDDEN 1
| #define HAVE_CAST_TO_UNION 1
| #define HAVE_STDBOOL_H 1
| #define TCL_WIDE_INT_IS_LONG 1
| #define TCL_CFG_OPTIMIZED 1
| #define USE_TCL_STUBS 1
| #define HAVE_MALLOC_H 1
| #define HAVE_FDATASYNC 1
| #define HAVE_USLEEP 1
| #define HAVE_STRCHRNUL 1
| #define HAVE_LOCALTIME_R 1
| #define HAVE_GMTIME_R 1
| /* end confdefs.h.  */
| /* Define localtime_s to an innocuous variant, in case <limits.h> declares localtime_s.
|    For example, HP-UX 11i <limits.h> declares gettimeofday.  */
| #define localtime_s innocuous_localtime_s
| 
| /* System header to define __stub macros and hopefully few prototypes,
|    which can conflict with char localtime_s (void); below.  */
| 
| #include <limits.h>
| #undef localtime_s
| 
| /* Override any GCC internal prototype to avoid an error.
|    Use char because int might match the return type of a GCC
|    builtin and then its argument prototype would still apply.  */
| #ifdef __cplusplus
| extern "C"
| #endif
| char localtime_s (void);
| /* The GNU C library defines this for functions which it implements
|     to always fail with ENOSYS.  Some functions are actually named
|     something starting with __ and the normal name is an alias.  */
| #if defined __stub_localtime_s || defined __stub___localtime_s
| choke me
| #endif
| 
| int
| main (void)
| {
| return localtime_s ();
|   ;
|   return 0;
| }
configure:9161: result: no
configure:9167: checking for malloc_usable_size
configure:9167: gcc -o conftest  -pipe   -Wl,--export-dynamic  conftest.c  >&5
configure:9167: $? = 0
configure:9167: result: yes
configure:9173: checking for utime
configure:9173: gcc -o conftest  -pipe   -Wl,--export-dynamic  conftest.c  >&5
configure:9173: $? = 0
configure:9173: result: yes
configure:9179: checking for flock
configure:9179: gcc -o conftest  -pipe   -Wl,--export-dynamic  conftest.c  >&5
configure:9179: $? = 0
configure:9179: result: yes
configure:9185: checking for readlink
configure:9185: gcc -o conftest  -pipe   -Wl,--export-dynamic  conftest.c  >&5
configure:9185: $? = 0
configure:9185: result: yes
configure:9191: checking for lstat
configure:9191: gcc -o conftest  -pipe   -Wl,--export-dynamic  conftest.c  >&5
configure:9191: $? = 0
configure:9191: result: yes
configure:9197: checking for pread
configure:9197: gcc -o conftest  -pipe   -Wl,--export-dynamic  conftest.c  >&5
configure:9197: $? = 0
configure:9197: result: yes
configure:9203: checking for pread64
configure:9203: gcc -o conftest  -pipe   -Wl,--export-dynamic  conftest.c  >&5
configure:9203: $? = 0
configure:9203: result: yes
configure:9209: checking for pwrite
configure:9209: gcc -o conftest  -pipe   -Wl,--export-dynamic  conftest.c  >&5
configure:9209: $? = 0
configure:9209: result: yes
configure:9215: checking for pwrite64
configure:9215: gcc -o conftest  -pipe   -Wl,--export-dynamic  conftest.c  >&5
configure:9215: $? = 0
configure:9215: result: yes
configure:9221: checking for rand_s
configure:9221: gcc -o conftest  -pipe   -Wl,--export-dynamic  conftest.c  >&5
/usr/bin/ld: /tmp/ccsIh5pl.o: in function `main':
conftest.c:(.text+0x5): undefined reference to `rand_s'
collect2: error: ld returned 1 exit status
configure:9221: $? = 1
configure: failed program was:
| /* confdefs.h */
| #define PACKAGE_NAME "sqlite"
| #define PACKAGE_TARNAME "sqlite"
| #define PACKAGE_VERSION "3.45.3"
| #define PACKAGE_STRING "sqlite 3.45.3"
| #define PACKAGE_BUGREPORT ""
| #define PACKAGE_URL ""
| #define BUILD_sqlite /**/
| #define HAVE_STDIO_H 1
| #define HAVE_STDLIB_H 1
| #define HAVE_STRING_H 1
| #define HAVE_INTTYPES_H 1
| #define HAVE_STDINT_H 1
| #define HAVE_STRINGS_H 1
| #define HAVE_SYS_STAT_H 1
| #define HAVE_SYS_TYPES_H 1
| #define HAVE_UNISTD_H 1
| #define STDC_HEADERS 1
| #define USE_THREAD_ALLOC 1
| #define _REENTRANT 1
| #define _THREAD_SAFE 1
| #define TCL_THREADS 1
| #define SQLITE_THREADSAFE 1
| #define USE_TCL_STUBS 1
| #define USE_TCLOO_STUBS 1
| #define MODULE_SCOPE extern __attribute__((__visibility__("hidden")))
| #define HAVE_HIDDEN 1
| #define HAVE_CAST_TO_UNION 1
| #define HAVE_STDBOOL_H 1
| #define TCL_WIDE_INT_IS_LONG 1
| #define TCL_CFG_OPTIMIZED 1
| #define USE_TCL_STUBS 1
| #define HAVE_MALLOC_H 1
| #define HAVE_FDATASYNC 1
| #define HAVE_USLEEP 1
| #define HAVE_STRCHRNUL 1
| #define HAVE_LOCALTIME_R 1
| #define HAVE_GMTIME_R 1
| #define HAVE_MALLOC_USABLE_SIZE 1
| #define HAVE_UTIME 1
| #define HAVE_FLOCK 1
| #define HAVE_READLINK 1
| #define HAVE_LSTAT 1
| #define HAVE_PREAD 1
| #define HAVE_PREAD64 1
| #define HAVE_PWRITE 1
| #define HAVE_PWRITE64 1
| /* end confdefs.h.  */
| /* Define rand_s to an innocuous variant, in case <limits.h> declares rand_s.
|    For example, HP-UX 11i <limits.h> declares gettimeofday.  */
| #define rand_s innocuous_rand_s
| 
| /* System header to define __stub macros and hopefully few prototypes,
|    which can conflict with char rand_s (void); below.  */
| 
| #include <limits.h>
| #undef rand_s
| 
| /* Override any GCC internal prototype to avoid an error.
|    Use char because int might match the return type of a GCC
|    builtin and then its argument prototype would still apply.  */
| #ifdef __cplusplus
| extern "C"
| #endif
| char rand_s (void);
| /* The GNU C library defines this for functions which it implements
|     to always fail with ENOSYS.  Some functions are actually named
|     something starting with __ and the normal name is an alias.  */
| #if defined __stub_rand_s || defined __stub___rand_s
| choke me
| #endif
| 
| int
| main (void)
| {
| return rand_s ();
|   ;
|   return 0;
| }
configure:9221: result: no
configure:9229: checking for gcc options needed to detect all undeclared functions
configure:9251: gcc -c  -pipe   conftest.c >&5
conftest.c: In function 'main':
conftest.c:53:8: error: 'strchr' undeclared (first use in this function)
   53 | (void) strchr;
      |        ^~~~~~
conftest.c:1:1: note: 'strchr' is defined in header '<string.h>'; did you forget to '#include <string.h>'?
    1 | /* confdefs.h */
conftest.c:53:8: note: each undeclared identifier is reported only once for each function it appears in
   53 | (void) strchr;
      |        ^~~~~~
configure:9251: $? = 1
configure: failed program was:
| /* confdefs.h */
| #define PACKAGE_NAME "sqlite"
| #define PACKAGE_TARNAME "sqlite"
| #define PACKAGE_VERSION "3.45.3"
| #define PACKAGE_STRING "sqlite 3.45.3"
| #define PACKAGE_BUGREPORT ""
| #define PACKAGE_URL ""
| #define BUILD_sqlite /**/
| #define HAVE_STDIO_H 1
| #define HAVE_STDLIB_H 1
| #define HAVE_STRING_H 1
| #define HAVE_INTTYPES_H 1
| #define HAVE_STDINT_H 1
| #define HAVE_STRINGS_H 1
| #define HAVE_SYS_STAT_H 1
| #define HAVE_SYS_TYPES_H 1
| #define HAVE_UNISTD_H 1
| #define STDC_HEADERS 1
| #define USE_THREAD_ALLOC 1
| #define _REENTRANT 1
| #define _THREAD_SAFE 1
| #define TCL_THREADS 1
| #define SQLITE_THREADSAFE 1
| #define USE_TCL_STUBS 1
| #define USE_TCLOO_STUBS 1
| #define MODULE_SCOPE extern __attribute__((__visibility__("hidden")))
| #define HAVE_HIDDEN 1
| #define HAVE_CAST_TO_UNION 1
| #define HAVE_STDBOOL_H 1
| #define TCL_WIDE_INT_IS_LONG 1
| #define TCL_CFG_OPTIMIZED 1
| #define USE_TCL_STUBS 1
| #define HAVE_MALLOC_H 1
| #define HAVE_FDATASYNC 1
| #define HAVE_USLEEP 1
| #define HAVE_STRCHRNUL 1
| #define HAVE_LOCALTIME_R 1
| #define HAVE_GMTIME_R 1
| #define HAVE_MALLOC_USABLE_SIZE 1
| #define HAVE_UTIME 1
| #define HAVE_FLOCK 1
| #define HAVE_READLINK 1
| #define HAVE_LSTAT 1
| #define HAVE_PREAD 1
| #define HAVE_PREAD64 1
| #define HAVE_PWRITE 1
| #define HAVE_PWRITE64 1
| /* end confdefs.h.  */
| 
| int
| main (void)
| {
| (void) strchr;
|   ;
|   return 0;
| }
configure:9278: gcc -c  -pipe   conftest.c >&5
configure:9278: $? = 0
configure:9298: result: none needed
configure:9312: checking whether strerror_r is declared
configure:9312: gcc -c  -pipe   conftest.c >&5
configure:9312: $? = 0
configure:9312: result: yes
configure:9332: checking whether strerror_r returns char *
configure:9357: gcc -c  -pipe  conftest.c >&5
conftest.c: In function 'main':
conftest.c:57:20: error: invalid type argument of unary '*' (have 'int')
   57 |           char x = *strerror_r (0, buf, sizeof buf);
      |                    ^~~~~~~~~~~~~~~~~~~~~~~~~~~~~~~~
conftest.c:58:21: warning: initialization of 'char *' from 'int' makes pointer from integer without a cast [-Wint-conversion]
   58 |           char *p = strerror_r (0, buf, sizeof buf);
      |                     ^~~~~~~~~~
configure:9357: $? = 1
configure: failed program was:
| /* confdefs.h */
| #define PACKAGE_NAME "sqlite"
| #define PACKAGE_TARNAME "sqlite"
| #define PACKAGE_VERSION "3.45.3"
| #define PACKAGE_STRING "sqlite 3.45.3"
| #define PACKAGE_BUGREPORT ""
| #define PACKAGE_URL ""
| #define BUILD_sqlite /**/
| #define HAVE_STDIO_H 1
| #define HAVE_STDLIB_H 1
| #define HAVE_STRING_H 1
| #define HAVE_INTTYPES_H 1
| #define HAVE_STDINT_H 1
| #define HAVE_STRINGS_H 1
| #define HAVE_SYS_STAT_H 1
| #define HAVE_SYS_TYPES_H 1
| #define HAVE_UNISTD_H 1
| #define STDC_HEADERS 1
| #define USE_THREAD_ALLOC 1
| #define _REENTRANT 1
| #define _THREAD_SAFE 1
| #define TCL_THREADS 1
| #define SQLITE_THREADSAFE 1
| #define USE_TCL_STUBS 1
| #define USE_TCLOO_STUBS 1
| #define MODULE_SCOPE extern __attribute__((__visibility__("hidden")))
| #define HAVE_HIDDEN 1
| #define HAVE_CAST_TO_UNION 1
| #define HAVE_STDBOOL_H 1
| #define TCL_WIDE_INT_IS_LONG 1
| #define TCL_CFG_OPTIMIZED 1
| #define USE_TCL_STUBS 1
| #define HAVE_MALLOC_H 1
| #define HAVE_FDATASYNC 1
| #define HAVE_USLEEP 1
| #define HAVE_STRCHRNUL 1
| #define HAVE_LOCALTIME_R 1
| #define HAVE_GMTIME_R 1
| #define HAVE_MALLOC_USABLE_SIZE 1
| #define HAVE_UTIME 1
| #define HAVE_FLOCK 1
| #define HAVE_READLINK 1
| #define HAVE_LSTAT 1
| #define HAVE_PREAD 1
| #define HAVE_PREAD64 1
| #define HAVE_PWRITE 1
| #define HAVE_PWRITE64 1
| #define HAVE_DECL_STRERROR_R 1
| #define HAVE_STRERROR_R 1
| /* end confdefs.h.  */
| #include <string.h>
| int
| main (void)
| {
| 
| 	  char buf[100];
| 	  char x = *strerror_r (0, buf, sizeof buf);
| 	  char *p = strerror_r (0, buf, sizeof buf);
| 	  return !p || x;
| 
|   ;
|   return 0;
| }
configure:9367: result: no
configure:9384: checking for egrep -e
configure:9514: result: /usr/bin/grep -E
configure:9659: checking for tclsh
configure:9694: result: /home/mpcjanssen/Src/tcljupyter/docker/tcl9.0b3/unix/tclsh
configure:9849: creating ./config.status

## ---------------------- ##
## Running config.status. ##
## ---------------------- ##

This file was extended by sqlite config.status 3.45.3, which was
generated by GNU Autoconf 2.72.  Invocation command line was

  CONFIG_FILES    = 
  CONFIG_HEADERS  = 
  CONFIG_LINKS    = 
  CONFIG_COMMANDS = 
  $ ./config.status 

on debby

config.status:806: creating Makefile
config.status:806: creating pkgIndex.tcl
configure:10849: WARNING: unrecognized options: --disable-zipfs

## ---------------- ##
## Cache variables. ##
## ---------------- ##

ac_cv_c_bigendian=no
ac_cv_c_compiler_gnu=yes
ac_cv_c_tclconfig=/home/mpcjanssen/Src/tcljupyter/docker/tcl9.0b3/unix
ac_cv_c_tclh=/home/mpcjanssen/Src/tcljupyter/docker/tcl9.0b3/generic
ac_cv_c_undeclared_builtin_options='none needed'
ac_cv_env_CC_set=
ac_cv_env_CC_value=
ac_cv_env_CFLAGS_set=
ac_cv_env_CFLAGS_value=
ac_cv_env_CPPFLAGS_set=
ac_cv_env_CPPFLAGS_value=
ac_cv_env_CPP_set=
ac_cv_env_CPP_value=
ac_cv_env_LDFLAGS_set=
ac_cv_env_LDFLAGS_value=
ac_cv_env_LIBS_set=
ac_cv_env_LIBS_value=
ac_cv_env_build_alias_set=
ac_cv_env_build_alias_value=
ac_cv_env_host_alias_set=
ac_cv_env_host_alias_value=
ac_cv_env_target_alias_set=
ac_cv_env_target_alias_value=
ac_cv_func_fdatasync=yes
ac_cv_func_flock=yes
ac_cv_func_gmtime_r=yes
ac_cv_func_localtime_r=yes
ac_cv_func_localtime_s=no
ac_cv_func_lstat=yes
ac_cv_func_malloc_usable_size=yes
ac_cv_func_pread64=yes
ac_cv_func_pread=yes
ac_cv_func_pwrite64=yes
ac_cv_func_pwrite=yes
ac_cv_func_rand_s=no
ac_cv_func_readlink=yes
ac_cv_func_strchrnul=yes
ac_cv_func_strerror_r_char_p=no
ac_cv_func_usleep=yes
ac_cv_func_utime=yes
ac_cv_have_decl_strerror_r=yes
ac_cv_header_inttypes_h=yes
ac_cv_header_malloc_h=yes
ac_cv_header_stdbool_h=yes
ac_cv_header_stdint_h=yes
ac_cv_header_stdio_h=yes
ac_cv_header_stdlib_h=yes
ac_cv_header_string_h=yes
ac_cv_header_strings_h=yes
ac_cv_header_sys_stat_h=yes
ac_cv_header_sys_types_h=yes
ac_cv_header_unistd_h=yes
ac_cv_lib_pthread_pthread_mutex_init=yes
ac_cv_objext=o
ac_cv_path_EGREP_TRADITIONAL='/usr/bin/grep -E'
ac_cv_prog_CPP='gcc -E'
ac_cv_prog_ac_ct_AR=ar
ac_cv_prog_ac_ct_CC=gcc
ac_cv_prog_ac_ct_RANLIB=ranlib
ac_cv_prog_cc_c11=
ac_cv_prog_cc_g=yes
ac_cv_prog_cc_stdc=
ac_cv_prog_make_make_set=yes
tcl_cv_cast_to_union=yes
tcl_cv_cc_pipe=yes
tcl_cv_cc_visibility_hidden=yes
tcl_cv_flag__file_offset_bits=no
tcl_cv_flag__isoc99_source=no
tcl_cv_sys_version=Linux-6.1.0-23-amd64
tcl_cv_type_64bit=none

## ----------------- ##
## Output variables. ##
## ----------------- ##

AR='ar'
CC='gcc'
CFLAGS=' -pipe ${CFLAGS_DEFAULT} ${CFLAGS_WARNING} ${SHLIB_CFLAGS} '
CFLAGS_DEBUG='-g'
CFLAGS_DEFAULT='-O2 -fomit-frame-pointer -DNDEBUG'
CFLAGS_OPTIMIZE='-O2 -fomit-frame-pointer'
CFLAGS_WARNING='-Wall'
CLEANFILES=''
CPP='gcc -E'
CPPFLAGS=''
CYGPATH='echo'
DEFS='-DPACKAGE_NAME=\"sqlite\" -DPACKAGE_TARNAME=\"sqlite\" -DPACKAGE_VERSION=\"3.45.3\" -DPACKAGE_STRING=\"sqlite\ 3.45.3\" -DPACKAGE_BUGREPORT=\"\" -DPACKAGE_URL=\"\" -DBUILD_sqlite=/\*\*/ -DHAVE_STDIO_H=1 -DHAVE_STDLIB_H=1 -DHAVE_STRING_H=1 -DHAVE_INTTYPES_H=1 -DHAVE_STDINT_H=1 -DHAVE_STRINGS_H=1 -DHAVE_SYS_STAT_H=1 -DHAVE_SYS_TYPES_H=1 -DHAVE_UNISTD_H=1 -DSTDC_HEADERS=1 -DUSE_THREAD_ALLOC=1 -D_REENTRANT=1 -D_THREAD_SAFE=1 -DTCL_THREADS=1 -DSQLITE_THREADSAFE=1 -DUSE_TCL_STUBS=1 -DUSE_TCLOO_STUBS=1 -DMODULE_SCOPE=extern\ __attribute__\(\(__visibility__\(\"hidden\"\)\)\) -DHAVE_HIDDEN=1 -DHAVE_CAST_TO_UNION=1 -DHAVE_STDBOOL_H=1 -DTCL_WIDE_INT_IS_LONG=1 -DTCL_CFG_OPTIMIZED=1 -DUSE_TCL_STUBS=1 -DHAVE_MALLOC_H=1 -DHAVE_FDATASYNC=1 -DHAVE_USLEEP=1 -DHAVE_STRCHRNUL=1 -DHAVE_LOCALTIME_R=1 -DHAVE_GMTIME_R=1 -DHAVE_MALLOC_USABLE_SIZE=1 -DHAVE_UTIME=1 -DHAVE_FLOCK=1 -DHAVE_READLINK=1 -DHAVE_LSTAT=1 -DHAVE_PREAD=1 -DHAVE_PREAD64=1 -DHAVE_PWRITE=1 -DHAVE_PWRITE64=1 -DHAVE_DECL_STRERROR_R=1 -DHAVE_STRERROR_R=1'
ECHO_C=''
ECHO_N='-n'
ECHO_T=''
EXEEXT=''
INSTALL='$(SHELL) $(srcdir)/tclconfig/install-sh -c'
INSTALL_DATA='${INSTALL} -m 644'
INSTALL_DATA_DIR='${INSTALL} -d -m 755'
INSTALL_LIBRARY='${INSTALL} -m 644'
INSTALL_PROGRAM='${INSTALL} -m 755'
INSTALL_SCRIPT='${INSTALL} -m 755'
LDFLAGS=' -Wl,--export-dynamic '
LDFLAGS_DEBUG=''
LDFLAGS_DEFAULT=''
LDFLAGS_OPTIMIZE=''
LD_LIBRARY_PATH_VAR='LD_LIBRARY_PATH'
LIBOBJS=''
LIBS=''
LTLIBOBJS=''
MAKE_LIB='${SHLIB_LD} ${LDFLAGS} ${LDFLAGS_DEFAULT} -o $@ $(PKG_OBJECTS) ${SHLIB_LD_LIBS} '
MAKE_SHARED_LIB='${SHLIB_LD} ${LDFLAGS} ${LDFLAGS_DEFAULT} -o $@ $(PKG_OBJECTS) ${SHLIB_LD_LIBS}'
MAKE_STATIC_LIB='${STLIB_LD} $@ $(PKG_OBJECTS)'
MAKE_STUB_LIB='${STLIB_LD} $@ $(PKG_STUB_OBJECTS)'
OBJEXT='o'
PACKAGE_BUGREPORT=''
PACKAGE_NAME='sqlite'
PACKAGE_STRING='sqlite 3.45.3'
PACKAGE_TARNAME='sqlite'
PACKAGE_URL=''
PACKAGE_VERSION='3.45.3'
PATH_SEPARATOR=':'
PKG_CFLAGS=' -DSQLITE_ENABLE_DBPAGE_VTAB=1 -DSQLITE_ENABLE_DBSTAT_VTAB=1 -DSQLITE_ENABLE_FTS3_PARENTHESIS=1 -DSQLITE_ENABLE_FTS4=1 -DSQLITE_ENABLE_FTS5=1 -DSQLITE_ENABLE_COLUMN_METADATA=1 -DSQLITE_ENABLE_JSON1=1 -DSQLITE_3_SUFFIX_ONLY=1 -DSQLITE_ENABLE_RTREE=1 -DSQLITE_ENABLE_GEOPOLY=1 -DSQLITE_ENABLE_STAT4=1 -DSQLITE_ENABLE_UPDATE_DELETE_LIMIT=1 -DSQLITE_ENABLE_MATH_FUNCTIONS=1 -DSQLITE_ENABLE_DESERIALIZE=1 -DSQLITE_ENABLE_DBPAGE_VTAB=1 -DSQLITE_ENABLE_BYTECODE_VTAB=1 -DSQLITE_ENABLE_DBSTAT_VTAB=1 -DSQLITE_LIKE_DOESNT_MATCH_BLOBS=1 -DSQLITE_UNTESTABLE=1 -DSQLITE_OMIT_DEPRECATED=1 -DSQLITE_OMIT_LOOKASIDE=1 -DSQLITE_SECURE_DELETE=1 -DSQLITE_SOUNDEX=1 -DSQLITE_USE_ALLOCA=1 -DSQLITE_WIN32_NO_ANSI=1 -DSQLITE_WIN32_GETVERSIONEX=0 -DSQLITE_API=MODULE_SCOPE'
PKG_HEADERS=''
PKG_INCLUDES=' -I"/home/mpcjanssen/Src/tcljupyter/docker/tcl9.0b3/pkgs/sqlite3.45.3/generic"'
PKG_LIBS=' -lpthread'
PKG_LIB_FILE8='libsqlite3.45.3.so'
PKG_LIB_FILE9='libtcl9sqlite3.45.3.so'
PKG_LIB_FILE='libtcl9sqlite3.45.3.so'
PKG_OBJECTS=' tclsqlite3.o'
PKG_SOURCES=' tclsqlite3.c'
PKG_STUB_LIB_FILE='libsqlitestub.a'
PKG_STUB_OBJECTS=''
PKG_STUB_SOURCES=''
PKG_TCL_SOURCES=''
RANLIB=':'
RANLIB_STUB='ranlib'
RC=''
SET_MAKE=''
SHARED_BUILD='1'
SHELL='/bin/bash'
SHLIB_CFLAGS='-fPIC'
SHLIB_LD='${CC} ${CFLAGS} ${LDFLAGS_DEFAULT} -shared'
SHLIB_LD_LIBS='${LIBS} -L/home/mpcjanssen/Src/tcljupyter/docker/tcl9.0b3/unix -ltclstub'
STLIB_LD='${AR} cr'
STUBS_BUILD='1'
TCLSH_PROG='/home/mpcjanssen/Src/tcljupyter/docker/tcl9.0b3/unix/tclsh'
TCL_BIN_DIR='/home/mpcjanssen/Src/tcljupyter/docker/tcl9.0b3/unix'
TCL_DEFS='-DPACKAGE_NAME=\"tcl\" -DPACKAGE_TARNAME=\"tcl\" -DPACKAGE_VERSION=\"9.0\" -DPACKAGE_STRING=\"tcl\ 9.0\" -DPACKAGE_BUGREPORT=\"\" -DPACKAGE_URL=\"\" -DHAVE_STDIO_H=1 -DHAVE_STDLIB_H=1 -DHAVE_STRING_H=1 -DHAVE_INTTYPES_H=1 -DHAVE_STDINT_H=1 -DHAVE_STRINGS_H=1 -DHAVE_SYS_STAT_H=1 -DHAVE_SYS_TYPES_H=1 -DHAVE_UNISTD_H=1 -DHAVE_SYS_TIME_H=1 -DSTDC_HEADERS=1 -DHAVE_SYS_PARAM_H=1 -DTCL_CFGVAL_ENCODING=\"utf-8\" -D_REENTRANT=1 -D_THREAD_SAFE=1 -DHAVE_PTHREAD_ATTR_SETSTACKSIZE=1 -DHAVE_PTHREAD_ATFORK=1 -DHAVE_DECL_PTHREAD_MUTEX_RECURSIVE=1 -DTCL_WITH_INTERNAL_ZLIB=1 -DHAVE_ZLIB=1 -DMODULE_SCOPE=extern\ __attribute__\(\(__visibility__\(\"hidden\"\)\)\) -DHAVE_HIDDEN=1 -DHAVE_CAST_TO_UNION=1 -DHAVE_STDBOOL_H=1 -DHAVE_VFORK=1 -DHAVE_POSIX_SPAWNP=1 -DHAVE_POSIX_SPAWN_FILE_ACTIONS_ADDDUP2=1 -DHAVE_POSIX_SPAWNATTR_SETFLAGS=1 -DTCL_SHLIB_EXT=\".so\" -DNDEBUG=1 -DTCL_CFG_OPTIMIZED=1 -DMP_PREC=4 -D_LARGEFILE64_SOURCE=1 -DTCL_WIDE_INT_IS_LONG=1 -DHAVE_GETCWD=1 -DHAVE_MKSTEMP=1 -DHAVE_WAITPID=1 -DHAVE_GETNAMEINFO=1 -DHAVE_GETADDRINFO=1 -DHAVE_FREEADDRINFO=1 -DHAVE_GAI_STRERROR=1 -DHAVE_STRUCT_ADDRINFO=1 -DHAVE_STRUCT_IN6_ADDR=1 -DHAVE_STRUCT_SOCKADDR_IN6=1 -DHAVE_STRUCT_SOCKADDR_STORAGE=1 -DHAVE_GETPWUID_R_5=1 -DHAVE_GETPWUID_R=1 -DHAVE_GETPWNAM_R_5=1 -DHAVE_GETPWNAM_R=1 -DHAVE_GETGRGID_R_5=1 -DHAVE_GETGRGID_R=1 -DHAVE_GETGRNAM_R_5=1 -DHAVE_GETGRNAM_R=1 -DHAVE_DECL_GETHOSTBYNAME_R=1 -DHAVE_GETHOSTBYNAME_R_6=1 -DHAVE_GETHOSTBYNAME_R=1 -DHAVE_DECL_GETHOSTBYADDR_R=1 -DHAVE_GETHOSTBYADDR_R_8=1 -DHAVE_GETHOSTBYADDR_R=1 -DHAVE_TERMIOS_H=1 -DHAVE_SYS_IOCTL_H=1 -DHAVE_PSELECT=1 -DHAVE_SYS_EPOLL_H=1 -DNOTIFIER_EPOLL=1 -DHAVE_SYS_EVENTFD_H=1 -DHAVE_EVENTFD=1 -DHAVE_SYS_TIME_H=1 -DHAVE_GMTIME_R=1 -DHAVE_LOCALTIME_R=1 -DHAVE_MKTIME=1 -DHAVE_TM_GMTOFF=1 -DHAVE_TIMEZONE_VAR=1 -DHAVE_STRUCT_STAT_ST_BLOCKS=1 -DHAVE_STRUCT_STAT_ST_BLKSIZE=1 -DHAVE_STRUCT_STAT_ST_RDEV=1 -DHAVE_BLKCNT_T=1 -DHAVE_INTPTR_T=1 -DHAVE_UINTPTR_T=1 -DNO_UNION_WAIT=1 -DHAVE_SIGNED_CHAR=1 -DHAVE_LANGINFO=1 -DHAVE_CFMAKERAW=1 -DHAVE_MKSTEMPS=1 -DHAVE_FTS=1 -DHAVE_SYS_IOCTL_H=1 -DTCL_UNLOAD_DLLS=1 -DHAVE_CPUID=1'
TCL_EXTRA_CFLAGS=' -pipe -finput-charset=UTF-8 '
TCL_INCLUDES='-I"/home/mpcjanssen/Src/tcljupyter/docker/tcl9.0b3/generic"'
TCL_LD_FLAGS=' -Wl,--export-dynamic '
TCL_LIBS='-ldl  -lpthread -lm'
TCL_LIB_FILE='libtcl9.0.so'
TCL_LIB_FLAG='-ltcl9.0'
TCL_LIB_SPEC='-L/home/mpcjanssen/Src/tcljupyter/docker/tcl9.0b3/unix -ltcl9.0'
TCL_PATCH_LEVEL='b3'
TCL_SHLIB_LD_LIBS='${LIBS}'
TCL_SRC_DIR='/home/mpcjanssen/Src/tcljupyter/docker/tcl9.0b3'
TCL_STUB_LIB_FILE='libtclstub.a'
TCL_STUB_LIB_FLAG='-ltclstub'
TCL_STUB_LIB_SPEC='-L/home/mpcjanssen/Src/tcljupyter/docker/tcl9.0b3/unix -ltclstub'
TCL_THREADS='1'
TCL_VERSION='9.0'
VC_MANIFEST_EMBED_DLL=''
VC_MANIFEST_EMBED_EXE=''
ac_ct_CC='gcc'
bindir='${exec_prefix}/bin'
build_alias=''
datadir='${datarootdir}'
datarootdir='${prefix}/share'
docdir='${datarootdir}/doc/${PACKAGE_TARNAME}'
dvidir='${docdir}'
exec_prefix='/opt/tcl9'
host_alias=''
htmldir='${docdir}'
includedir='${prefix}/include'
infodir='${datarootdir}/info'
libdir='/opt/tcl9/lib'
libexecdir='${exec_prefix}/libexec'
localedir='${datarootdir}/locale'
localstatedir='${prefix}/var'
mandir='${datarootdir}/man'
oldincludedir='/usr/include'
pdfdir='${docdir}'
prefix='/opt/tcl9'
program_transform_name='s,x,x,'
psdir='${docdir}'
runstatedir='${localstatedir}/run'
sbindir='${exec_prefix}/sbin'
sharedstatedir='${prefix}/com'
sysconfdir='${prefix}/etc'
target_alias=''

## ----------- ##
## confdefs.h. ##
## ----------- ##

/* confdefs.h */
#define PACKAGE_NAME "sqlite"
#define PACKAGE_TARNAME "sqlite"
#define PACKAGE_VERSION "3.45.3"
#define PACKAGE_STRING "sqlite 3.45.3"
#define PACKAGE_BUGREPORT ""
#define PACKAGE_URL ""
#define BUILD_sqlite /**/
#define HAVE_STDIO_H 1
#define HAVE_STDLIB_H 1
#define HAVE_STRING_H 1
#define HAVE_INTTYPES_H 1
#define HAVE_STDINT_H 1
#define HAVE_STRINGS_H 1
#define HAVE_SYS_STAT_H 1
#define HAVE_SYS_TYPES_H 1
#define HAVE_UNISTD_H 1
#define STDC_HEADERS 1
#define USE_THREAD_ALLOC 1
#define _REENTRANT 1
#define _THREAD_SAFE 1
#define TCL_THREADS 1
#define SQLITE_THREADSAFE 1
#define USE_TCL_STUBS 1
#define USE_TCLOO_STUBS 1
#define MODULE_SCOPE extern __attribute__((__visibility__("hidden")))
#define HAVE_HIDDEN 1
#define HAVE_CAST_TO_UNION 1
#define HAVE_STDBOOL_H 1
#define TCL_WIDE_INT_IS_LONG 1
#define TCL_CFG_OPTIMIZED 1
#define USE_TCL_STUBS 1
#define HAVE_MALLOC_H 1
#define HAVE_FDATASYNC 1
#define HAVE_USLEEP 1
#define HAVE_STRCHRNUL 1
#define HAVE_LOCALTIME_R 1
#define HAVE_GMTIME_R 1
#define HAVE_MALLOC_USABLE_SIZE 1
#define HAVE_UTIME 1
#define HAVE_FLOCK 1
#define HAVE_READLINK 1
#define HAVE_LSTAT 1
#define HAVE_PREAD 1
#define HAVE_PREAD64 1
#define HAVE_PWRITE 1
#define HAVE_PWRITE64 1
#define HAVE_DECL_STRERROR_R 1
#define HAVE_STRERROR_R 1

configure: exit 0
