This file contains any messages produced by compilers while
running configure, to aid debugging if configure makes a mistake.

It was created by tdbcodbc configure 1.1.8, which was
generated by GNU Autoconf 2.72.  Invocation command line was

  $ /home/mpcjanssen/Src/tcljupyter/docker/tcl9.0b3/pkgs/tdbcodbc1.1.8/configure --with-tcl8 --with-tcl=../.. --with-tclinclude=/home/mpcjanssen/Src/tcljupyter/docker/tcl9.0b3/generic --prefix=/opt/tcl9 --disable-zipfs --libdir=/opt/tcl9/lib --enable-shared

## --------- ##
## Platform. ##
## --------- ##

hostname = debby
uname -m = x86_64
uname -r = 6.1.0-23-amd64
uname -s = Linux
uname -v = #1 SMP PREEMPT_DYNAMIC Debian 6.1.99-1 (2024-07-15)

/usr/bin/uname -p = unknown
/bin/uname -X     = unknown

/bin/arch              = x86_64
/usr/bin/arch -k       = unknown
/usr/convex/getsysinfo = unknown
/usr/bin/hostinfo      = unknown
/bin/machine           = unknown
/usr/bin/oslevel       = unknown
/bin/universe          = unknown

PATH: /home/mpcjanssen/.nimble/bin/
PATH: /usr/local/bin/
PATH: /usr/bin/
PATH: /bin/
PATH: /usr/local/games/
PATH: /usr/games/


## ----------- ##
## Core tests. ##
## ----------- ##

configure:2748: checking TEA configuration
configure:2754: result: ok (TEA 3.13)
configure:2841: configuring tdbcodbc 1.1.8
configure:2871: checking system version
configure:2899: result: Linux-6.1.0-23-amd64
configure:2948: checking for Tcl configuration
configure:3088: result: found /home/mpcjanssen/Src/tcljupyter/docker/tcl9.0b3/unix/tclConfig.sh
configure:3156: checking for gcc
configure:3177: found /usr/bin/gcc
configure:3189: result: gcc
configure:3548: checking for C compiler version
configure:3557: gcc --version >&5
gcc (Debian 12.2.0-14) 12.2.0
Copyright (C) 2022 Free Software Foundation, Inc.
This is free software; see the source for copying conditions.  There is NO
warranty; not even for MERCHANTABILITY or FITNESS FOR A PARTICULAR PURPOSE.

configure:3568: $? = 0
configure:3557: gcc -v >&5
Using built-in specs.
COLLECT_GCC=gcc
COLLECT_LTO_WRAPPER=/usr/lib/gcc/x86_64-linux-gnu/12/lto-wrapper
OFFLOAD_TARGET_NAMES=nvptx-none:amdgcn-amdhsa
OFFLOAD_TARGET_DEFAULT=1
Target: x86_64-linux-gnu
Configured with: ../src/configure -v --with-pkgversion='Debian 12.2.0-14' --with-bugurl=file:///usr/share/doc/gcc-12/README.Bugs --enable-languages=c,ada,c++,go,d,fortran,objc,obj-c++,m2 --prefix=/usr --with-gcc-major-version-only --program-suffix=-12 --program-prefix=x86_64-linux-gnu- --enable-shared --enable-linker-build-id --libexecdir=/usr/lib --without-included-gettext --enable-threads=posix --libdir=/usr/lib --enable-nls --enable-clocale=gnu --enable-libstdcxx-debug --enable-libstdcxx-time=yes --with-default-libstdcxx-abi=new --enable-gnu-unique-object --disable-vtable-verify --enable-plugin --enable-default-pie --with-system-zlib --enable-libphobos-checking=release --with-target-system-zlib=auto --enable-objc-gc=auto --enable-multiarch --disable-werror --enable-cet --with-arch-32=i686 --with-abi=m64 --with-multilib-list=m32,m64,mx32 --enable-multilib --with-tune=generic --enable-offload-targets=nvptx-none=/build/gcc-12-bTRWOB/gcc-12-12.2.0/debian/tmp-nvptx/usr,amdgcn-amdhsa=/build/gcc-12-bTRWOB/gcc-12-12.2.0/debian/tmp-gcn/usr --enable-offload-defaulted --without-cuda-driver --enable-checking=release --build=x86_64-linux-gnu --host=x86_64-linux-gnu --target=x86_64-linux-gnu
Thread model: posix
Supported LTO compression algorithms: zlib zstd
gcc version 12.2.0 (Debian 12.2.0-14) 
... rest of stderr output deleted ...
configure:3568: $? = 0
configure:3557: gcc -V >&5
gcc: error: unrecognized command-line option '-V'
gcc: fatal error: no input files
compilation terminated.
configure:3568: $? = 1
configure:3557: gcc -qversion >&5
gcc: error: unrecognized command-line option '-qversion'; did you mean '--version'?
gcc: fatal error: no input files
compilation terminated.
configure:3568: $? = 1
configure:3557: gcc -version >&5
gcc: error: unrecognized command-line option '-version'
gcc: fatal error: no input files
compilation terminated.
configure:3568: $? = 1
configure:3588: checking whether the C compiler works
configure:3610: gcc    conftest.c  >&5
configure:3614: $? = 0
configure:3665: result: yes
configure:3669: checking for C compiler default output file name
configure:3671: result: a.out
configure:3677: checking for suffix of executables
configure:3684: gcc -o conftest    conftest.c  >&5
configure:3688: $? = 0
configure:3712: result: 
configure:3736: checking whether we are cross compiling
configure:3744: gcc -o conftest    conftest.c  >&5
configure:3748: $? = 0
configure:3755: ./conftest
configure:3759: $? = 0
configure:3774: result: no
configure:3780: checking for suffix of object files
configure:3803: gcc -c   conftest.c >&5
configure:3807: $? = 0
configure:3831: result: o
configure:3835: checking whether the compiler supports GNU C
configure:3855: gcc -c   conftest.c >&5
configure:3855: $? = 0
configure:3867: result: yes
configure:3878: checking whether gcc accepts -g
configure:3899: gcc -c -g  conftest.c >&5
configure:3899: $? = 0
configure:3946: result: yes
configure:3966: checking for gcc option to enable C11 features
configure:3981: gcc  -c   conftest.c >&5
configure:3981: $? = 0
configure:4000: result: none needed
configure:4120: checking for existence of /home/mpcjanssen/Src/tcljupyter/docker/tcl9.0b3/unix/tclConfig.sh
configure:4124: result: loading
configure:4178: checking platform
configure:4196: gcc -c   conftest.c >&5
configure:4196: $? = 0
configure:4255: result: unix
configure:4320: checking for tdbc configuration
configure:4410: result: found /home/mpcjanssen/Src/tcljupyter/docker/tcl9.0b3/unix/pkgs8/tdbc1.1.8/tdbcConfig.sh
configure:4416: checking for existence of /home/mpcjanssen/Src/tcljupyter/docker/tcl9.0b3/unix/pkgs8/tdbc1.1.8/tdbcConfig.sh
configure:4420: result: loading
configure:4438: WARNING: Found Makefile - using build library specs for tdbc
configure:4511: checking For tdbc_STUB library for LIBS
configure:4544: result: using tdbc_STUB_LIB_SPEC -L/home/mpcjanssen/Src/tcljupyter/docker/tcl9.0b3/unix/pkgs8/tdbc1.1.8 -ltdbcstub1.1.8
configure:4558: WARNING: Looking for "/home/mpcjanssen/Src/tcljupyter/docker/tcl9.0b3/unix/pkgs8/tdbc1.1.8/Makefile"
configure:4561: WARNING: Found Makefile - using build include spec and lib specs for tdbc
configure:4593: --exec-prefix defaulting to TCL_EXEC_PREFIX /opt/tcl9
configure:4669: checking for gcc
configure:4702: result: gcc
configure:5061: checking for C compiler version
configure:5070: gcc --version >&5
gcc (Debian 12.2.0-14) 12.2.0
Copyright (C) 2022 Free Software Foundation, Inc.
This is free software; see the source for copying conditions.  There is NO
warranty; not even for MERCHANTABILITY or FITNESS FOR A PARTICULAR PURPOSE.

configure:5081: $? = 0
configure:5070: gcc -v >&5
Using built-in specs.
COLLECT_GCC=gcc
COLLECT_LTO_WRAPPER=/usr/lib/gcc/x86_64-linux-gnu/12/lto-wrapper
OFFLOAD_TARGET_NAMES=nvptx-none:amdgcn-amdhsa
OFFLOAD_TARGET_DEFAULT=1
Target: x86_64-linux-gnu
Configured with: ../src/configure -v --with-pkgversion='Debian 12.2.0-14' --with-bugurl=file:///usr/share/doc/gcc-12/README.Bugs --enable-languages=c,ada,c++,go,d,fortran,objc,obj-c++,m2 --prefix=/usr --with-gcc-major-version-only --program-suffix=-12 --program-prefix=x86_64-linux-gnu- --enable-shared --enable-linker-build-id --libexecdir=/usr/lib --without-included-gettext --enable-threads=posix --libdir=/usr/lib --enable-nls --enable-clocale=gnu --enable-libstdcxx-debug --enable-libstdcxx-time=yes --with-default-libstdcxx-abi=new --enable-gnu-unique-object --disable-vtable-verify --enable-plugin --enable-default-pie --with-system-zlib --enable-libphobos-checking=release --with-target-system-zlib=auto --enable-objc-gc=auto --enable-multiarch --disable-werror --enable-cet --with-arch-32=i686 --with-abi=m64 --with-multilib-list=m32,m64,mx32 --enable-multilib --with-tune=generic --enable-offload-targets=nvptx-none=/build/gcc-12-bTRWOB/gcc-12-12.2.0/debian/tmp-nvptx/usr,amdgcn-amdhsa=/build/gcc-12-bTRWOB/gcc-12-12.2.0/debian/tmp-gcn/usr --enable-offload-defaulted --without-cuda-driver --enable-checking=release --build=x86_64-linux-gnu --host=x86_64-linux-gnu --target=x86_64-linux-gnu
Thread model: posix
Supported LTO compression algorithms: zlib zstd
gcc version 12.2.0 (Debian 12.2.0-14) 
... rest of stderr output deleted ...
configure:5081: $? = 0
configure:5070: gcc -V >&5
gcc: error: unrecognized command-line option '-V'
gcc: fatal error: no input files
compilation terminated.
configure:5081: $? = 1
configure:5070: gcc -qversion >&5
gcc: error: unrecognized command-line option '-qversion'; did you mean '--version'?
gcc: fatal error: no input files
compilation terminated.
configure:5081: $? = 1
configure:5070: gcc -version >&5
gcc: error: unrecognized command-line option '-version'
gcc: fatal error: no input files
compilation terminated.
configure:5081: $? = 1
configure:5085: checking whether the compiler supports GNU C
configure:5117: result: yes
configure:5128: checking whether gcc accepts -g
configure:5196: result: yes
configure:5216: checking for gcc option to enable C11 features
configure:5250: result: none needed
configure:5373: checking how to run the C preprocessor
configure:5399: gcc -E  conftest.c
configure:5399: $? = 0
configure:5415: gcc -E  conftest.c
conftest.c:10:10: fatal error: ac_nonexistent.h: No such file or directory
   10 | #include <ac_nonexistent.h>
      |          ^~~~~~~~~~~~~~~~~~
compilation terminated.
configure:5415: $? = 1
configure: failed program was:
| /* confdefs.h */
| #define PACKAGE_NAME "tdbcodbc"
| #define PACKAGE_TARNAME "tdbcodbc"
| #define PACKAGE_VERSION "1.1.8"
| #define PACKAGE_STRING "tdbcodbc 1.1.8"
| #define PACKAGE_BUGREPORT ""
| #define PACKAGE_URL ""
| #define BUILD_tdbcodbc /**/
| /* end confdefs.h.  */
| #include <ac_nonexistent.h>
configure:5444: result: gcc -E
configure:5458: gcc -E  conftest.c
configure:5458: $? = 0
configure:5474: gcc -E  conftest.c
conftest.c:10:10: fatal error: ac_nonexistent.h: No such file or directory
   10 | #include <ac_nonexistent.h>
      |          ^~~~~~~~~~~~~~~~~~
compilation terminated.
configure:5474: $? = 1
configure: failed program was:
| /* confdefs.h */
| #define PACKAGE_NAME "tdbcodbc"
| #define PACKAGE_TARNAME "tdbcodbc"
| #define PACKAGE_VERSION "1.1.8"
| #define PACKAGE_STRING "tdbcodbc 1.1.8"
| #define PACKAGE_BUGREPORT ""
| #define PACKAGE_URL ""
| #define BUILD_tdbcodbc /**/
| /* end confdefs.h.  */
| #include <ac_nonexistent.h>
configure:5511: checking whether make sets $(MAKE)
configure:5535: result: yes
configure:5598: checking for ranlib
configure:5619: found /usr/bin/ranlib
configure:5631: result: ranlib
configure:5665: checking for stdio.h
configure:5665: gcc -c   conftest.c >&5
configure:5665: $? = 0
configure:5665: result: yes
configure:5665: checking for stdlib.h
configure:5665: gcc -c   conftest.c >&5
configure:5665: $? = 0
configure:5665: result: yes
configure:5665: checking for string.h
configure:5665: gcc -c   conftest.c >&5
configure:5665: $? = 0
configure:5665: result: yes
configure:5665: checking for inttypes.h
configure:5665: gcc -c   conftest.c >&5
configure:5665: $? = 0
configure:5665: result: yes
configure:5665: checking for stdint.h
configure:5665: gcc -c   conftest.c >&5
configure:5665: $? = 0
configure:5665: result: yes
configure:5665: checking for strings.h
configure:5665: gcc -c   conftest.c >&5
configure:5665: $? = 0
configure:5665: result: yes
configure:5665: checking for sys/stat.h
configure:5665: gcc -c   conftest.c >&5
configure:5665: $? = 0
configure:5665: result: yes
configure:5665: checking for sys/types.h
configure:5665: gcc -c   conftest.c >&5
configure:5665: $? = 0
configure:5665: result: yes
configure:5665: checking for unistd.h
configure:5665: gcc -c   conftest.c >&5
configure:5665: $? = 0
configure:5665: result: yes
configure:5700: checking if the compiler understands -pipe
configure:5719: gcc -c  -pipe  conftest.c >&5
configure:5719: $? = 0
configure:5730: result: yes
configure:5747: checking whether byte ordering is bigendian
configure:5763: gcc -c  -pipe  conftest.c >&5
conftest.c:21:16: error: unknown type name 'not'
   21 |                not a universal capable compiler
      |                ^~~
conftest.c:21:22: error: expected '=', ',', ';', 'asm' or '__attribute__' before 'universal'
   21 |                not a universal capable compiler
      |                      ^~~~~~~~~
conftest.c:21:22: error: unknown type name 'universal'
configure:5763: $? = 1
configure: failed program was:
| /* confdefs.h */
| #define PACKAGE_NAME "tdbcodbc"
| #define PACKAGE_TARNAME "tdbcodbc"
| #define PACKAGE_VERSION "1.1.8"
| #define PACKAGE_STRING "tdbcodbc 1.1.8"
| #define PACKAGE_BUGREPORT ""
| #define PACKAGE_URL ""
| #define BUILD_tdbcodbc /**/
| #define HAVE_STDIO_H 1
| #define HAVE_STDLIB_H 1
| #define HAVE_STRING_H 1
| #define HAVE_INTTYPES_H 1
| #define HAVE_STDINT_H 1
| #define HAVE_STRINGS_H 1
| #define HAVE_SYS_STAT_H 1
| #define HAVE_SYS_TYPES_H 1
| #define HAVE_UNISTD_H 1
| #define STDC_HEADERS 1
| /* end confdefs.h.  */
| #ifndef __APPLE_CC__
| 	       not a universal capable compiler
| 	     #endif
| 	     typedef int dummy;
| 
configure:5809: gcc -c  -pipe  conftest.c >&5
configure:5809: $? = 0
configure:5828: gcc -c  -pipe  conftest.c >&5
conftest.c: In function 'main':
conftest.c:27:18: error: unknown type name 'not'; did you mean 'ino_t'?
   27 |                  not big endian
      |                  ^~~
      |                  ino_t
conftest.c:27:26: error: expected '=', ',', ';', 'asm' or '__attribute__' before 'endian'
   27 |                  not big endian
      |                          ^~~~~~
configure:5828: $? = 1
configure: failed program was:
| /* confdefs.h */
| #define PACKAGE_NAME "tdbcodbc"
| #define PACKAGE_TARNAME "tdbcodbc"
| #define PACKAGE_VERSION "1.1.8"
| #define PACKAGE_STRING "tdbcodbc 1.1.8"
| #define PACKAGE_BUGREPORT ""
| #define PACKAGE_URL ""
| #define BUILD_tdbcodbc /**/
| #define HAVE_STDIO_H 1
| #define HAVE_STDLIB_H 1
| #define HAVE_STRING_H 1
| #define HAVE_INTTYPES_H 1
| #define HAVE_STDINT_H 1
| #define HAVE_STRINGS_H 1
| #define HAVE_SYS_STAT_H 1
| #define HAVE_SYS_TYPES_H 1
| #define HAVE_UNISTD_H 1
| #define STDC_HEADERS 1
| /* end confdefs.h.  */
| #include <sys/types.h>
| 		#include <sys/param.h>
| 
| int
| main (void)
| {
| #if BYTE_ORDER != BIG_ENDIAN
| 		 not big endian
| 		#endif
| 
|   ;
|   return 0;
| }
configure:5969: result: no
configure:5991: checking for inline
configure:6008: gcc -c  -pipe  conftest.c >&5
configure:6008: $? = 0
configure:6018: result: inline
configure:6036: checking for long long
configure:6036: gcc -c  -pipe  conftest.c >&5
configure:6036: $? = 0
configure:6036: gcc -c  -pipe  conftest.c >&5
conftest.c: In function 'main':
conftest.c:51:24: error: expected expression before ')' token
   51 | if (sizeof ((long long)))
      |                        ^
configure:6036: $? = 1
configure: failed program was:
| /* confdefs.h */
| #define PACKAGE_NAME "tdbcodbc"
| #define PACKAGE_TARNAME "tdbcodbc"
| #define PACKAGE_VERSION "1.1.8"
| #define PACKAGE_STRING "tdbcodbc 1.1.8"
| #define PACKAGE_BUGREPORT ""
| #define PACKAGE_URL ""
| #define BUILD_tdbcodbc /**/
| #define HAVE_STDIO_H 1
| #define HAVE_STDLIB_H 1
| #define HAVE_STRING_H 1
| #define HAVE_INTTYPES_H 1
| #define HAVE_STDINT_H 1
| #define HAVE_STRINGS_H 1
| #define HAVE_SYS_STAT_H 1
| #define HAVE_SYS_TYPES_H 1
| #define HAVE_UNISTD_H 1
| #define STDC_HEADERS 1
| /* end confdefs.h.  */
| #include <stddef.h>
| #ifdef HAVE_STDIO_H
| # include <stdio.h>
| #endif
| #ifdef HAVE_STDLIB_H
| # include <stdlib.h>
| #endif
| #ifdef HAVE_STRING_H
| # include <string.h>
| #endif
| #ifdef HAVE_INTTYPES_H
| # include <inttypes.h>
| #endif
| #ifdef HAVE_STDINT_H
| # include <stdint.h>
| #endif
| #ifdef HAVE_STRINGS_H
| # include <strings.h>
| #endif
| #ifdef HAVE_SYS_TYPES_H
| # include <sys/types.h>
| #endif
| #ifdef HAVE_SYS_STAT_H
| # include <sys/stat.h>
| #endif
| #ifdef HAVE_UNISTD_H
| # include <unistd.h>
| #endif
| int
| main (void)
| {
| if (sizeof ((long long)))
| 	    return 0;
|   ;
|   return 0;
| }
configure:6036: result: yes
configure:6046: checking size of long long
configure:6052: gcc -o conftest  -pipe   conftest.c  >&5
configure:6052: $? = 0
configure:6052: ./conftest
configure:6052: $? = 0
configure:6069: result: 8
configure:6084: checking size of long
configure:6090: gcc -o conftest  -pipe   conftest.c  >&5
configure:6090: $? = 0
configure:6090: ./conftest
configure:6090: $? = 0
configure:6107: result: 8
configure:6305: checking for Tcl public headers
configure:6379: result: /home/mpcjanssen/Src/tcljupyter/docker/tcl9.0b3/generic
configure:6442: checking for pthread_mutex_init in -lpthread
configure:6471: gcc -o conftest  -pipe   conftest.c -lpthread   >&5
configure:6471: $? = 0
configure:6483: result: yes
configure:6730: checking for building with threads
configure:6736: result: yes (default)
configure:6765: checking how to build libraries
configure:6803: result: shared
configure:6893: checking for ranlib
configure:6926: result: ranlib
configure:6953: checking if 64bit support is requested
configure:6964: result: no
configure:6969: checking if 64bit Sparc VIS support is requested
configure:6980: result: no
configure:6991: checking if compiler supports visibility "hidden"
configure:7012: gcc -o conftest  -pipe -Werror   conftest.c  >&5
configure:7012: $? = 0
configure:7024: result: yes
configure:7040: checking if rpath support is requested
configure:7051: result: yes
configure:7058: checking system version
configure:7086: result: Linux-6.1.0-23-amd64
configure:7174: checking for ar
configure:7195: found /usr/bin/ar
configure:7207: result: ar
configure:9022: checking for cast to union support
configure:9042: gcc -c  -pipe  conftest.c >&5
configure:9042: $? = 0
configure:9053: result: yes
configure:9061: checking for stdbool.h
configure:9061: gcc -c  -pipe  conftest.c >&5
configure:9061: $? = 0
configure:9061: result: yes
configure:9087: checking for required early compiler flags
configure:9106: gcc -c  -pipe  conftest.c >&5
configure:9106: $? = 0
configure:9160: gcc -c  -pipe  conftest.c >&5
configure:9160: $? = 0
configure:9199: result: none
configure:9207: checking for 64-bit integer type
configure:9227: gcc -c  -pipe  conftest.c >&5
conftest.c: In function 'main':
conftest.c:37:1: error: unknown type name '__int64'
   37 | __int64 value = (__int64) 0;
      | ^~~~~~~
conftest.c:37:18: error: '__int64' undeclared (first use in this function)
   37 | __int64 value = (__int64) 0;
      |                  ^~~~~~~
conftest.c:37:18: note: each undeclared identifier is reported only once for each function it appears in
conftest.c:37:27: error: expected ',' or ';' before numeric constant
   37 | __int64 value = (__int64) 0;
      |                           ^
configure:9227: $? = 1
configure: failed program was:
| /* confdefs.h */
| #define PACKAGE_NAME "tdbcodbc"
| #define PACKAGE_TARNAME "tdbcodbc"
| #define PACKAGE_VERSION "1.1.8"
| #define PACKAGE_STRING "tdbcodbc 1.1.8"
| #define PACKAGE_BUGREPORT ""
| #define PACKAGE_URL ""
| #define BUILD_tdbcodbc /**/
| #define HAVE_STDIO_H 1
| #define HAVE_STDLIB_H 1
| #define HAVE_STRING_H 1
| #define HAVE_INTTYPES_H 1
| #define HAVE_STDINT_H 1
| #define HAVE_STRINGS_H 1
| #define HAVE_SYS_STAT_H 1
| #define HAVE_SYS_TYPES_H 1
| #define HAVE_UNISTD_H 1
| #define STDC_HEADERS 1
| #define HAVE_LONG_LONG 1
| #define SIZEOF_LONG_LONG 8
| #define SIZEOF_LONG 8
| #define USE_THREAD_ALLOC 1
| #define _REENTRANT 1
| #define _THREAD_SAFE 1
| #define TCL_THREADS 1
| #define USE_TCL_STUBS 1
| #define USE_TCLOO_STUBS 1
| #define MODULE_SCOPE extern __attribute__((__visibility__("hidden")))
| #define HAVE_HIDDEN 1
| #define HAVE_CAST_TO_UNION 1
| #define HAVE_STDBOOL_H 1
| /* end confdefs.h.  */
| 
| int
| main (void)
| {
| __int64 value = (__int64) 0;
|   ;
|   return 0;
| }
configure:9251: gcc -c  -pipe  conftest.c >&5
conftest.c: In function 'main':
conftest.c:38:21: error: duplicate case value
   38 |             case 1: case (sizeof(long long)==sizeof(long)): ;
      |                     ^~~~
conftest.c:38:13: note: previously used here
   38 |             case 1: case (sizeof(long long)==sizeof(long)): ;
      |             ^~~~
configure:9251: $? = 1
configure: failed program was:
| /* confdefs.h */
| #define PACKAGE_NAME "tdbcodbc"
| #define PACKAGE_TARNAME "tdbcodbc"
| #define PACKAGE_VERSION "1.1.8"
| #define PACKAGE_STRING "tdbcodbc 1.1.8"
| #define PACKAGE_BUGREPORT ""
| #define PACKAGE_URL ""
| #define BUILD_tdbcodbc /**/
| #define HAVE_STDIO_H 1
| #define HAVE_STDLIB_H 1
| #define HAVE_STRING_H 1
| #define HAVE_INTTYPES_H 1
| #define HAVE_STDINT_H 1
| #define HAVE_STRINGS_H 1
| #define HAVE_SYS_STAT_H 1
| #define HAVE_SYS_TYPES_H 1
| #define HAVE_UNISTD_H 1
| #define STDC_HEADERS 1
| #define HAVE_LONG_LONG 1
| #define SIZEOF_LONG_LONG 8
| #define SIZEOF_LONG 8
| #define USE_THREAD_ALLOC 1
| #define _REENTRANT 1
| #define _THREAD_SAFE 1
| #define TCL_THREADS 1
| #define USE_TCL_STUBS 1
| #define USE_TCLOO_STUBS 1
| #define MODULE_SCOPE extern __attribute__((__visibility__("hidden")))
| #define HAVE_HIDDEN 1
| #define HAVE_CAST_TO_UNION 1
| #define HAVE_STDBOOL_H 1
| /* end confdefs.h.  */
| 
| int
| main (void)
| {
| switch (0) {
|             case 1: case (sizeof(long long)==sizeof(long)): ;
|         }
|   ;
|   return 0;
| }
configure:9263: result: yes
configure:9529: checking for build with symbols
configure:9543: result: no
configure:9581: checking for intptr_t
configure:9581: gcc -c  -pipe  conftest.c >&5
configure:9581: $? = 0
configure:9581: gcc -c  -pipe  conftest.c >&5
conftest.c: In function 'main':
conftest.c:66:23: error: expected expression before ')' token
   66 | if (sizeof ((intptr_t)))
      |                       ^
configure:9581: $? = 1
configure: failed program was:
| /* confdefs.h */
| #define PACKAGE_NAME "tdbcodbc"
| #define PACKAGE_TARNAME "tdbcodbc"
| #define PACKAGE_VERSION "1.1.8"
| #define PACKAGE_STRING "tdbcodbc 1.1.8"
| #define PACKAGE_BUGREPORT ""
| #define PACKAGE_URL ""
| #define BUILD_tdbcodbc /**/
| #define HAVE_STDIO_H 1
| #define HAVE_STDLIB_H 1
| #define HAVE_STRING_H 1
| #define HAVE_INTTYPES_H 1
| #define HAVE_STDINT_H 1
| #define HAVE_STRINGS_H 1
| #define HAVE_SYS_STAT_H 1
| #define HAVE_SYS_TYPES_H 1
| #define HAVE_UNISTD_H 1
| #define STDC_HEADERS 1
| #define HAVE_LONG_LONG 1
| #define SIZEOF_LONG_LONG 8
| #define SIZEOF_LONG 8
| #define USE_THREAD_ALLOC 1
| #define _REENTRANT 1
| #define _THREAD_SAFE 1
| #define TCL_THREADS 1
| #define USE_TCL_STUBS 1
| #define USE_TCLOO_STUBS 1
| #define MODULE_SCOPE extern __attribute__((__visibility__("hidden")))
| #define HAVE_HIDDEN 1
| #define HAVE_CAST_TO_UNION 1
| #define HAVE_STDBOOL_H 1
| #define TCL_WIDE_INT_IS_LONG 1
| #define TCL_CFG_OPTIMIZED 1
| /* end confdefs.h.  */
| #include <stddef.h>
| #ifdef HAVE_STDIO_H
| # include <stdio.h>
| #endif
| #ifdef HAVE_STDLIB_H
| # include <stdlib.h>
| #endif
| #ifdef HAVE_STRING_H
| # include <string.h>
| #endif
| #ifdef HAVE_INTTYPES_H
| # include <inttypes.h>
| #endif
| #ifdef HAVE_STDINT_H
| # include <stdint.h>
| #endif
| #ifdef HAVE_STRINGS_H
| # include <strings.h>
| #endif
| #ifdef HAVE_SYS_TYPES_H
| # include <sys/types.h>
| #endif
| #ifdef HAVE_SYS_STAT_H
| # include <sys/stat.h>
| #endif
| #ifdef HAVE_UNISTD_H
| # include <unistd.h>
| #endif
| int
| main (void)
| {
| if (sizeof ((intptr_t)))
| 	    return 0;
|   ;
|   return 0;
| }
configure:9581: result: yes
configure:9618: checking for uintptr_t
configure:9618: gcc -c  -pipe  conftest.c >&5
configure:9618: $? = 0
configure:9618: gcc -c  -pipe  conftest.c >&5
conftest.c: In function 'main':
conftest.c:67:24: error: expected expression before ')' token
   67 | if (sizeof ((uintptr_t)))
      |                        ^
configure:9618: $? = 1
configure: failed program was:
| /* confdefs.h */
| #define PACKAGE_NAME "tdbcodbc"
| #define PACKAGE_TARNAME "tdbcodbc"
| #define PACKAGE_VERSION "1.1.8"
| #define PACKAGE_STRING "tdbcodbc 1.1.8"
| #define PACKAGE_BUGREPORT ""
| #define PACKAGE_URL ""
| #define BUILD_tdbcodbc /**/
| #define HAVE_STDIO_H 1
| #define HAVE_STDLIB_H 1
| #define HAVE_STRING_H 1
| #define HAVE_INTTYPES_H 1
| #define HAVE_STDINT_H 1
| #define HAVE_STRINGS_H 1
| #define HAVE_SYS_STAT_H 1
| #define HAVE_SYS_TYPES_H 1
| #define HAVE_UNISTD_H 1
| #define STDC_HEADERS 1
| #define HAVE_LONG_LONG 1
| #define SIZEOF_LONG_LONG 8
| #define SIZEOF_LONG 8
| #define USE_THREAD_ALLOC 1
| #define _REENTRANT 1
| #define _THREAD_SAFE 1
| #define TCL_THREADS 1
| #define USE_TCL_STUBS 1
| #define USE_TCLOO_STUBS 1
| #define MODULE_SCOPE extern __attribute__((__visibility__("hidden")))
| #define HAVE_HIDDEN 1
| #define HAVE_CAST_TO_UNION 1
| #define HAVE_STDBOOL_H 1
| #define TCL_WIDE_INT_IS_LONG 1
| #define TCL_CFG_OPTIMIZED 1
| #define HAVE_INTPTR_T 1
| /* end confdefs.h.  */
| #include <stddef.h>
| #ifdef HAVE_STDIO_H
| # include <stdio.h>
| #endif
| #ifdef HAVE_STDLIB_H
| # include <stdlib.h>
| #endif
| #ifdef HAVE_STRING_H
| # include <string.h>
| #endif
| #ifdef HAVE_INTTYPES_H
| # include <inttypes.h>
| #endif
| #ifdef HAVE_STDINT_H
| # include <stdint.h>
| #endif
| #ifdef HAVE_STRINGS_H
| # include <strings.h>
| #endif
| #ifdef HAVE_SYS_TYPES_H
| # include <sys/types.h>
| #endif
| #ifdef HAVE_SYS_STAT_H
| # include <sys/stat.h>
| #endif
| #ifdef HAVE_UNISTD_H
| # include <unistd.h>
| #endif
| int
| main (void)
| {
| if (sizeof ((uintptr_t)))
| 	    return 0;
|   ;
|   return 0;
| }
configure:9618: result: yes
configure:9660: checking for main in -lws2_32
configure:9680: gcc -o conftest  -pipe   -Wl,--export-dynamic  conftest.c -lws2_32   >&5
/usr/bin/ld: cannot find -lws2_32: No such file or directory
collect2: error: ld returned 1 exit status
configure:9680: $? = 1
configure: failed program was:
| /* confdefs.h */
| #define PACKAGE_NAME "tdbcodbc"
| #define PACKAGE_TARNAME "tdbcodbc"
| #define PACKAGE_VERSION "1.1.8"
| #define PACKAGE_STRING "tdbcodbc 1.1.8"
| #define PACKAGE_BUGREPORT ""
| #define PACKAGE_URL ""
| #define BUILD_tdbcodbc /**/
| #define HAVE_STDIO_H 1
| #define HAVE_STDLIB_H 1
| #define HAVE_STRING_H 1
| #define HAVE_INTTYPES_H 1
| #define HAVE_STDINT_H 1
| #define HAVE_STRINGS_H 1
| #define HAVE_SYS_STAT_H 1
| #define HAVE_SYS_TYPES_H 1
| #define HAVE_UNISTD_H 1
| #define STDC_HEADERS 1
| #define HAVE_LONG_LONG 1
| #define SIZEOF_LONG_LONG 8
| #define SIZEOF_LONG 8
| #define USE_THREAD_ALLOC 1
| #define _REENTRANT 1
| #define _THREAD_SAFE 1
| #define TCL_THREADS 1
| #define USE_TCL_STUBS 1
| #define USE_TCLOO_STUBS 1
| #define MODULE_SCOPE extern __attribute__((__visibility__("hidden")))
| #define HAVE_HIDDEN 1
| #define HAVE_CAST_TO_UNION 1
| #define HAVE_STDBOOL_H 1
| #define TCL_WIDE_INT_IS_LONG 1
| #define TCL_CFG_OPTIMIZED 1
| #define HAVE_INTPTR_T 1
| #define HAVE_UINTPTR_T 1
| /* end confdefs.h.  */
| 
| 
| int
| main (void)
| {
| return main ();
|   ;
|   return 0;
| }
configure:9692: result: no
configure:9709: checking for main in -lwinsock
configure:9729: gcc -o conftest  -pipe   -Wl,--export-dynamic  conftest.c -lwinsock   >&5
/usr/bin/ld: cannot find -lwinsock: No such file or directory
collect2: error: ld returned 1 exit status
configure:9729: $? = 1
configure: failed program was:
| /* confdefs.h */
| #define PACKAGE_NAME "tdbcodbc"
| #define PACKAGE_TARNAME "tdbcodbc"
| #define PACKAGE_VERSION "1.1.8"
| #define PACKAGE_STRING "tdbcodbc 1.1.8"
| #define PACKAGE_BUGREPORT ""
| #define PACKAGE_URL ""
| #define BUILD_tdbcodbc /**/
| #define HAVE_STDIO_H 1
| #define HAVE_STDLIB_H 1
| #define HAVE_STRING_H 1
| #define HAVE_INTTYPES_H 1
| #define HAVE_STDINT_H 1
| #define HAVE_STRINGS_H 1
| #define HAVE_SYS_STAT_H 1
| #define HAVE_SYS_TYPES_H 1
| #define HAVE_UNISTD_H 1
| #define STDC_HEADERS 1
| #define HAVE_LONG_LONG 1
| #define SIZEOF_LONG_LONG 8
| #define SIZEOF_LONG 8
| #define USE_THREAD_ALLOC 1
| #define _REENTRANT 1
| #define _THREAD_SAFE 1
| #define TCL_THREADS 1
| #define USE_TCL_STUBS 1
| #define USE_TCLOO_STUBS 1
| #define MODULE_SCOPE extern __attribute__((__visibility__("hidden")))
| #define HAVE_HIDDEN 1
| #define HAVE_CAST_TO_UNION 1
| #define HAVE_STDBOOL_H 1
| #define TCL_WIDE_INT_IS_LONG 1
| #define TCL_CFG_OPTIMIZED 1
| #define HAVE_INTPTR_T 1
| #define HAVE_UINTPTR_T 1
| /* end confdefs.h.  */
| 
| 
| int
| main (void)
| {
| return main ();
|   ;
|   return 0;
| }
configure:9741: result: no
configure:9770: checking for egrep -e
configure:9900: result: /usr/bin/grep -E
configure:10045: checking for tclsh
configure:10080: result: /home/mpcjanssen/Src/tcljupyter/docker/tcl9.0b3/unix/tclsh
configure:10235: creating ./config.status

## ---------------------- ##
## Running config.status. ##
## ---------------------- ##

This file was extended by tdbcodbc config.status 1.1.8, which was
generated by GNU Autoconf 2.72.  Invocation command line was

  CONFIG_FILES    = 
  CONFIG_HEADERS  = 
  CONFIG_LINKS    = 
  CONFIG_COMMANDS = 
  $ ./config.status 

on debby

config.status:813: creating Makefile
config.status:813: creating pkgIndex.tcl
configure:11235: WARNING: unrecognized options: --disable-zipfs

## ---------------- ##
## Cache variables. ##
## ---------------- ##

ac_cv_c_bigendian=no
ac_cv_c_compiler_gnu=yes
ac_cv_c_inline=inline
ac_cv_c_tclconfig=/home/mpcjanssen/Src/tcljupyter/docker/tcl9.0b3/unix
ac_cv_c_tclh=/home/mpcjanssen/Src/tcljupyter/docker/tcl9.0b3/generic
ac_cv_c_tdbcconfig=/home/mpcjanssen/Src/tcljupyter/docker/tcl9.0b3/unix/pkgs8/tdbc1.1.8
ac_cv_env_CC_set=
ac_cv_env_CC_value=
ac_cv_env_CFLAGS_set=
ac_cv_env_CFLAGS_value=
ac_cv_env_CPPFLAGS_set=
ac_cv_env_CPPFLAGS_value=
ac_cv_env_CPP_set=
ac_cv_env_CPP_value=
ac_cv_env_LDFLAGS_set=
ac_cv_env_LDFLAGS_value=
ac_cv_env_LIBS_set=
ac_cv_env_LIBS_value=
ac_cv_env_build_alias_set=
ac_cv_env_build_alias_value=
ac_cv_env_host_alias_set=
ac_cv_env_host_alias_value=
ac_cv_env_target_alias_set=
ac_cv_env_target_alias_value=
ac_cv_header_inttypes_h=yes
ac_cv_header_stdbool_h=yes
ac_cv_header_stdint_h=yes
ac_cv_header_stdio_h=yes
ac_cv_header_stdlib_h=yes
ac_cv_header_string_h=yes
ac_cv_header_strings_h=yes
ac_cv_header_sys_stat_h=yes
ac_cv_header_sys_types_h=yes
ac_cv_header_unistd_h=yes
ac_cv_lib_pthread_pthread_mutex_init=yes
ac_cv_lib_winsock_main=no
ac_cv_lib_ws2_32_main=no
ac_cv_objext=o
ac_cv_path_EGREP_TRADITIONAL='/usr/bin/grep -E'
ac_cv_prog_CPP='gcc -E'
ac_cv_prog_ac_ct_AR=ar
ac_cv_prog_ac_ct_CC=gcc
ac_cv_prog_ac_ct_RANLIB=ranlib
ac_cv_prog_cc_c11=
ac_cv_prog_cc_g=yes
ac_cv_prog_cc_stdc=
ac_cv_prog_make_make_set=yes
ac_cv_sizeof_long=8
ac_cv_sizeof_long_long=8
ac_cv_type_intptr_t=yes
ac_cv_type_long_long=yes
ac_cv_type_uintptr_t=yes
tcl_cv_cast_to_union=yes
tcl_cv_cc_pipe=yes
tcl_cv_cc_visibility_hidden=yes
tcl_cv_flag__file_offset_bits=no
tcl_cv_flag__isoc99_source=no
tcl_cv_sys_version=Linux-6.1.0-23-amd64
tcl_cv_type_64bit=none

## ----------------- ##
## Output variables. ##
## ----------------- ##

AR='ar'
CC='gcc'
CFLAGS=' -pipe ${CFLAGS_DEFAULT} ${CFLAGS_WARNING} ${SHLIB_CFLAGS} '
CFLAGS_DEBUG='-g'
CFLAGS_DEFAULT='-O2 -fomit-frame-pointer -DNDEBUG'
CFLAGS_OPTIMIZE='-O2 -fomit-frame-pointer'
CFLAGS_WARNING='-Wall'
CLEANFILES=''
CPP='gcc -E'
CPPFLAGS=''
CYGPATH='echo'
DEFS='-DPACKAGE_NAME=\"tdbcodbc\" -DPACKAGE_TARNAME=\"tdbcodbc\" -DPACKAGE_VERSION=\"1.1.8\" -DPACKAGE_STRING=\"tdbcodbc\ 1.1.8\" -DPACKAGE_BUGREPORT=\"\" -DPACKAGE_URL=\"\" -DBUILD_tdbcodbc=/\*\*/ -DHAVE_STDIO_H=1 -DHAVE_STDLIB_H=1 -DHAVE_STRING_H=1 -DHAVE_INTTYPES_H=1 -DHAVE_STDINT_H=1 -DHAVE_STRINGS_H=1 -DHAVE_SYS_STAT_H=1 -DHAVE_SYS_TYPES_H=1 -DHAVE_UNISTD_H=1 -DSTDC_HEADERS=1 -DHAVE_LONG_LONG=1 -DSIZEOF_LONG_LONG=8 -DSIZEOF_LONG=8 -DUSE_THREAD_ALLOC=1 -D_REENTRANT=1 -D_THREAD_SAFE=1 -DTCL_THREADS=1 -DUSE_TCL_STUBS=1 -DUSE_TCLOO_STUBS=1 -DMODULE_SCOPE=extern\ __attribute__\(\(__visibility__\(\"hidden\"\)\)\) -DHAVE_HIDDEN=1 -DHAVE_CAST_TO_UNION=1 -DHAVE_STDBOOL_H=1 -DTCL_WIDE_INT_IS_LONG=1 -DTCL_CFG_OPTIMIZED=1 -DHAVE_INTPTR_T=1 -DHAVE_UINTPTR_T=1 -DTCL_MAJOR_VERSION=8'
ECHO_C=''
ECHO_N='-n'
ECHO_T=''
EXEEXT=''
INSTALL='$(SHELL) $(srcdir)/tclconfig/install-sh -c'
INSTALL_DATA='${INSTALL} -m 644'
INSTALL_DATA_DIR='${INSTALL} -d -m 755'
INSTALL_LIBRARY='${INSTALL} -m 644'
INSTALL_PROGRAM='${INSTALL} -m 755'
INSTALL_SCRIPT='${INSTALL} -m 755'
LDFLAGS=' -Wl,--export-dynamic '
LDFLAGS_DEBUG=''
LDFLAGS_DEFAULT=''
LDFLAGS_OPTIMIZE=''
LD_LIBRARY_PATH_VAR='LD_LIBRARY_PATH'
LIBOBJS=''
LIBS=''
LTLIBOBJS=''
MAKE_LIB='${SHLIB_LD} ${LDFLAGS} ${LDFLAGS_DEFAULT} -o $@ $(PKG_OBJECTS) ${SHLIB_LD_LIBS} '
MAKE_SHARED_LIB='${SHLIB_LD} ${LDFLAGS} ${LDFLAGS_DEFAULT} -o $@ $(PKG_OBJECTS) ${SHLIB_LD_LIBS}'
MAKE_STATIC_LIB='${STLIB_LD} $@ $(PKG_OBJECTS)'
MAKE_STUB_LIB='${STLIB_LD} $@ $(PKG_STUB_OBJECTS)'
OBJEXT='o'
PACKAGE_BUGREPORT=''
PACKAGE_NAME='tdbcodbc'
PACKAGE_STRING='tdbcodbc 1.1.8'
PACKAGE_TARNAME='tdbcodbc'
PACKAGE_URL=''
PACKAGE_VERSION='1.1.8'
PATH_SEPARATOR=':'
PKG_CFLAGS='  '
PKG_HEADERS=' generic/fakesql.h generic/odbcStubs.h'
PKG_INCLUDES=' -I/home/mpcjanssen/Src/tcljupyter/docker/tcl9.0b3/pkgs/tdbc1.1.8/generic'
PKG_LIBS=' -L/home/mpcjanssen/Src/tcljupyter/docker/tcl9.0b3/unix/pkgs8/tdbc1.1.8 -ltdbcstub1.1.8 -L/home/mpcjanssen/Src/tcljupyter/docker/tcl9.0b3/unix/pkgs8/tdbc1.1.8 -ltdbcstub1.1.8'
PKG_LIB_FILE8='libtdbcodbc1.1.8.so'
PKG_LIB_FILE9='libtcl9tdbcodbc1.1.8.so'
PKG_LIB_FILE='libtdbcodbc1.1.8.so'
PKG_OBJECTS=' tdbcodbc.o odbcStubInit.o'
PKG_SOURCES=' generic/tdbcodbc.c generic/odbcStubInit.c'
PKG_STUB_LIB_FILE='libtdbcodbcstub1.1.8.a'
PKG_STUB_OBJECTS=''
PKG_STUB_SOURCES=''
PKG_TCL_SOURCES=' library/tdbcodbc.tcl'
RANLIB=':'
RANLIB_STUB='ranlib'
RC=''
SET_MAKE=''
SHARED_BUILD='1'
SHELL='/bin/bash'
SHLIB_CFLAGS='-fPIC'
SHLIB_LD='${CC} ${CFLAGS} ${LDFLAGS_DEFAULT} -shared'
SHLIB_LD_LIBS='${LIBS} -L/home/mpcjanssen/Src/tcljupyter/docker/tcl9.0b3/unix -ltclstub'
STLIB_LD='${AR} cr'
STUBS_BUILD='1'
TCLSH_PROG='/home/mpcjanssen/Src/tcljupyter/docker/tcl9.0b3/unix/tclsh'
TCL_BIN_DIR='/home/mpcjanssen/Src/tcljupyter/docker/tcl9.0b3/unix'
TCL_DEFS='-DPACKAGE_NAME=\"tcl\" -DPACKAGE_TARNAME=\"tcl\" -DPACKAGE_VERSION=\"9.0\" -DPACKAGE_STRING=\"tcl\ 9.0\" -DPACKAGE_BUGREPORT=\"\" -DPACKAGE_URL=\"\" -DHAVE_STDIO_H=1 -DHAVE_STDLIB_H=1 -DHAVE_STRING_H=1 -DHAVE_INTTYPES_H=1 -DHAVE_STDINT_H=1 -DHAVE_STRINGS_H=1 -DHAVE_SYS_STAT_H=1 -DHAVE_SYS_TYPES_H=1 -DHAVE_UNISTD_H=1 -DHAVE_SYS_TIME_H=1 -DSTDC_HEADERS=1 -DHAVE_SYS_PARAM_H=1 -DTCL_CFGVAL_ENCODING=\"utf-8\" -D_REENTRANT=1 -D_THREAD_SAFE=1 -DHAVE_PTHREAD_ATTR_SETSTACKSIZE=1 -DHAVE_PTHREAD_ATFORK=1 -DHAVE_DECL_PTHREAD_MUTEX_RECURSIVE=1 -DTCL_WITH_INTERNAL_ZLIB=1 -DHAVE_ZLIB=1 -DMODULE_SCOPE=extern\ __attribute__\(\(__visibility__\(\"hidden\"\)\)\) -DHAVE_HIDDEN=1 -DHAVE_CAST_TO_UNION=1 -DHAVE_STDBOOL_H=1 -DHAVE_VFORK=1 -DHAVE_POSIX_SPAWNP=1 -DHAVE_POSIX_SPAWN_FILE_ACTIONS_ADDDUP2=1 -DHAVE_POSIX_SPAWNATTR_SETFLAGS=1 -DTCL_SHLIB_EXT=\".so\" -DNDEBUG=1 -DTCL_CFG_OPTIMIZED=1 -DMP_PREC=4 -D_LARGEFILE64_SOURCE=1 -DTCL_WIDE_INT_IS_LONG=1 -DHAVE_GETCWD=1 -DHAVE_MKSTEMP=1 -DHAVE_WAITPID=1 -DHAVE_GETNAMEINFO=1 -DHAVE_GETADDRINFO=1 -DHAVE_FREEADDRINFO=1 -DHAVE_GAI_STRERROR=1 -DHAVE_STRUCT_ADDRINFO=1 -DHAVE_STRUCT_IN6_ADDR=1 -DHAVE_STRUCT_SOCKADDR_IN6=1 -DHAVE_STRUCT_SOCKADDR_STORAGE=1 -DHAVE_GETPWUID_R_5=1 -DHAVE_GETPWUID_R=1 -DHAVE_GETPWNAM_R_5=1 -DHAVE_GETPWNAM_R=1 -DHAVE_GETGRGID_R_5=1 -DHAVE_GETGRGID_R=1 -DHAVE_GETGRNAM_R_5=1 -DHAVE_GETGRNAM_R=1 -DHAVE_DECL_GETHOSTBYNAME_R=1 -DHAVE_GETHOSTBYNAME_R_6=1 -DHAVE_GETHOSTBYNAME_R=1 -DHAVE_DECL_GETHOSTBYADDR_R=1 -DHAVE_GETHOSTBYADDR_R_8=1 -DHAVE_GETHOSTBYADDR_R=1 -DHAVE_TERMIOS_H=1 -DHAVE_SYS_IOCTL_H=1 -DHAVE_PSELECT=1 -DHAVE_SYS_EPOLL_H=1 -DNOTIFIER_EPOLL=1 -DHAVE_SYS_EVENTFD_H=1 -DHAVE_EVENTFD=1 -DHAVE_SYS_TIME_H=1 -DHAVE_GMTIME_R=1 -DHAVE_LOCALTIME_R=1 -DHAVE_MKTIME=1 -DHAVE_TM_GMTOFF=1 -DHAVE_TIMEZONE_VAR=1 -DHAVE_STRUCT_STAT_ST_BLOCKS=1 -DHAVE_STRUCT_STAT_ST_BLKSIZE=1 -DHAVE_STRUCT_STAT_ST_RDEV=1 -DHAVE_BLKCNT_T=1 -DHAVE_INTPTR_T=1 -DHAVE_UINTPTR_T=1 -DNO_UNION_WAIT=1 -DHAVE_SIGNED_CHAR=1 -DHAVE_LANGINFO=1 -DHAVE_CFMAKERAW=1 -DHAVE_MKSTEMPS=1 -DHAVE_FTS=1 -DHAVE_SYS_IOCTL_H=1 -DTCL_UNLOAD_DLLS=1 -DHAVE_CPUID=1'
TCL_EXTRA_CFLAGS=' -pipe -finput-charset=UTF-8 '
TCL_INCLUDES='-I"/home/mpcjanssen/Src/tcljupyter/docker/tcl9.0b3/generic"'
TCL_LD_FLAGS=' -Wl,--export-dynamic '
TCL_LIBS='-ldl  -lpthread -lm'
TCL_LIB_FILE='libtcl9.0.so'
TCL_LIB_FLAG='-ltcl9.0'
TCL_LIB_SPEC='-L/home/mpcjanssen/Src/tcljupyter/docker/tcl9.0b3/unix -ltcl9.0'
TCL_PATCH_LEVEL='b3'
TCL_SHLIB_LD_LIBS='${LIBS}'
TCL_SRC_DIR='/home/mpcjanssen/Src/tcljupyter/docker/tcl9.0b3'
TCL_STUB_LIB_FILE='libtclstub.a'
TCL_STUB_LIB_FLAG='-ltclstub'
TCL_STUB_LIB_SPEC='-L/home/mpcjanssen/Src/tcljupyter/docker/tcl9.0b3/unix -ltclstub'
TCL_THREADS='1'
TCL_VERSION='9.0'
TCL_VERSION_REQ='8.6'
TDBC_LIB_FILE='libtdbc1.1.8.so'
TDBC_VERSION='1.1.8'
VC_MANIFEST_EMBED_DLL=''
VC_MANIFEST_EMBED_EXE=''
ac_ct_CC='gcc'
bindir='${exec_prefix}/bin'
build_alias=''
datadir='${datarootdir}'
datarootdir='${prefix}/share'
docdir='${datarootdir}/doc/${PACKAGE_TARNAME}'
dvidir='${docdir}'
exec_prefix='/opt/tcl9'
host_alias=''
htmldir='${docdir}'
includedir='${prefix}/include'
infodir='${datarootdir}/info'
libdir='/opt/tcl9/lib'
libexecdir='${exec_prefix}/libexec'
localedir='${datarootdir}/locale'
localstatedir='${prefix}/var'
mandir='${datarootdir}/man'
oldincludedir='/usr/include'
pdfdir='${docdir}'
prefix='/opt/tcl9'
program_transform_name='s,x,x,'
psdir='${docdir}'
runstatedir='${localstatedir}/run'
sbindir='${exec_prefix}/sbin'
sharedstatedir='${prefix}/com'
sysconfdir='${prefix}/etc'
target_alias=''
tdbc_BIN_DIR='/home/mpcjanssen/Src/tcljupyter/docker/tcl9.0b3/unix/pkgs8/tdbc1.1.8'
tdbc_LIBRARY_PATH='/home/mpcjanssen/Src/tcljupyter/docker/tcl9.0b3/pkgs/tdbc1.1.8/library'
tdbc_LIB_FILE='libtdbc1.1.8.so'
tdbc_LIB_SPEC='-L/home/mpcjanssen/Src/tcljupyter/docker/tcl9.0b3/unix/pkgs8/tdbc1.1.8 -ltdbc1.1.8'
tdbc_SRC_DIR='/home/mpcjanssen/Src/tcljupyter/docker/tcl9.0b3/pkgs/tdbc1.1.8'
tdbc_STUB_LIB_FILE='libtdbcstub1.1.8.a'
tdbc_STUB_LIB_PATH='/home/mpcjanssen/Src/tcljupyter/docker/tcl9.0b3/unix/pkgs8/tdbc1.1.8/libtdbcstub1.1.8.a'
tdbc_STUB_LIB_SPEC='-L/home/mpcjanssen/Src/tcljupyter/docker/tcl9.0b3/unix/pkgs8/tdbc1.1.8 -ltdbcstub1.1.8'
tdbc_VERSION='1.1.8'

## ----------- ##
## confdefs.h. ##
## ----------- ##

/* confdefs.h */
#define PACKAGE_NAME "tdbcodbc"
#define PACKAGE_TARNAME "tdbcodbc"
#define PACKAGE_VERSION "1.1.8"
#define PACKAGE_STRING "tdbcodbc 1.1.8"
#define PACKAGE_BUGREPORT ""
#define PACKAGE_URL ""
#define BUILD_tdbcodbc /**/
#define HAVE_STDIO_H 1
#define HAVE_STDLIB_H 1
#define HAVE_STRING_H 1
#define HAVE_INTTYPES_H 1
#define HAVE_STDINT_H 1
#define HAVE_STRINGS_H 1
#define HAVE_SYS_STAT_H 1
#define HAVE_SYS_TYPES_H 1
#define HAVE_UNISTD_H 1
#define STDC_HEADERS 1
#define HAVE_LONG_LONG 1
#define SIZEOF_LONG_LONG 8
#define SIZEOF_LONG 8
#define USE_THREAD_ALLOC 1
#define _REENTRANT 1
#define _THREAD_SAFE 1
#define TCL_THREADS 1
#define USE_TCL_STUBS 1
#define USE_TCLOO_STUBS 1
#define MODULE_SCOPE extern __attribute__((__visibility__("hidden")))
#define HAVE_HIDDEN 1
#define HAVE_CAST_TO_UNION 1
#define HAVE_STDBOOL_H 1
#define TCL_WIDE_INT_IS_LONG 1
#define TCL_CFG_OPTIMIZED 1
#define HAVE_INTPTR_T 1
#define HAVE_UINTPTR_T 1
#define TCL_MAJOR_VERSION 8

configure: exit 0
